TN:
SF:src/server.ts
FN:31,(anonymous_1)
FN:70,(anonymous_2)
FN:74,(anonymous_3)
FN:95,(anonymous_4)
FN:104,(anonymous_5)
FN:110,(anonymous_6)
FN:114,(anonymous_7)
FN:125,initEnvironment
FN:140,gracefulShutdown
FN:150,(anonymous_10)
FN:151,(anonymous_11)
FN:153,initializeServices
FN:177,(anonymous_13)
FN:185,(anonymous_14)
FNF:14
FNH:0
FNDA:0,(anonymous_1)
FNDA:0,(anonymous_2)
FNDA:0,(anonymous_3)
FNDA:0,(anonymous_4)
FNDA:0,(anonymous_5)
FNDA:0,(anonymous_6)
FNDA:0,(anonymous_7)
FNDA:0,initEnvironment
FNDA:0,gracefulShutdown
FNDA:0,(anonymous_10)
FNDA:0,(anonymous_11)
FNDA:0,initializeServices
FNDA:0,(anonymous_13)
FNDA:0,(anonymous_14)
DA:1,0
DA:2,0
DA:3,0
DA:4,0
DA:5,0
DA:6,0
DA:7,0
DA:9,0
DA:10,0
DA:12,0
DA:13,0
DA:14,0
DA:15,0
DA:16,0
DA:17,0
DA:18,0
DA:19,0
DA:20,0
DA:21,0
DA:23,0
DA:24,0
DA:26,0
DA:27,0
DA:28,0
DA:30,0
DA:31,0
DA:34,0
DA:36,0
DA:41,0
DA:43,0
DA:52,0
DA:53,0
DA:54,0
DA:55,0
DA:57,0
DA:58,0
DA:60,0
DA:63,0
DA:65,0
DA:66,0
DA:68,0
DA:70,0
DA:71,0
DA:74,0
DA:75,0
DA:76,0
DA:78,0
DA:85,0
DA:92,0
DA:95,0
DA:96,0
DA:104,0
DA:105,0
DA:106,0
DA:107,0
DA:110,0
DA:111,0
DA:114,0
DA:115,0
DA:117,0
DA:119,0
DA:126,0
DA:127,0
DA:129,0
DA:130,0
DA:131,0
DA:133,0
DA:134,0
DA:141,0
DA:143,0
DA:145,0
DA:148,0
DA:150,0
DA:151,0
DA:154,0
DA:155,0
DA:157,0
DA:160,0
DA:161,0
DA:162,0
DA:164,0
DA:165,0
DA:168,0
DA:169,0
DA:171,0
DA:175,0
DA:177,0
DA:178,0
DA:179,0
DA:181,0
DA:185,0
DA:186,0
DA:204,0
LF:93
LH:0
BRDA:24,0,0,0
BRDA:24,0,1,0
BRDA:30,1,0,0
BRDA:30,1,1,0
BRDA:37,2,0,0
BRDA:37,2,1,0
BRDA:57,3,0,0
BRDA:57,3,1,0
BRDA:75,4,0,0
BRDA:75,4,1,0
BRDA:117,5,0,0
BRDA:117,5,1,0
BRDA:121,6,0,0
BRDA:121,6,1,0
BRDA:129,7,0,0
BRDA:129,7,1,0
BRDA:130,8,0,0
BRDA:130,8,1,0
BRDA:193,9,0,0
BRDA:193,9,1,0
BRF:20
BRH:0
end_of_record
TN:
SF:src/controllers/approvals.ts
FN:6,requestSchool
FN:49,getPendingApprovals
FN:59,getApprovalById
FN:75,getMySchoolRequest
FN:89,approveSchool
FN:116,rejectSchool
FN:149,getPendingApprovalCount
FNF:7
FNH:0
FNDA:0,requestSchool
FNDA:0,getPendingApprovals
FNDA:0,getApprovalById
FNDA:0,getMySchoolRequest
FNDA:0,approveSchool
FNDA:0,rejectSchool
FNDA:0,getPendingApprovalCount
DA:2,0
DA:6,0
DA:7,0
DA:8,0
DA:10,0
DA:11,0
DA:16,0
DA:17,0
DA:22,0
DA:34,0
DA:35,0
DA:38,0
DA:44,0
DA:45,0
DA:49,0
DA:50,0
DA:51,0
DA:52,0
DA:54,0
DA:55,0
DA:59,0
DA:60,0
DA:61,0
DA:62,0
DA:64,0
DA:65,0
DA:68,0
DA:70,0
DA:71,0
DA:75,0
DA:76,0
DA:77,0
DA:78,0
DA:81,0
DA:82,0
DA:84,0
DA:85,0
DA:89,0
DA:90,0
DA:91,0
DA:92,0
DA:95,0
DA:96,0
DA:99,0
DA:100,0
DA:102,0
DA:103,0
DA:106,0
DA:111,0
DA:112,0
DA:116,0
DA:117,0
DA:118,0
DA:119,0
DA:122,0
DA:123,0
DA:126,0
DA:127,0
DA:129,0
DA:130,0
DA:133,0
DA:135,0
DA:136,0
DA:139,0
DA:144,0
DA:145,0
DA:149,0
DA:150,0
DA:151,0
DA:152,0
DA:154,0
DA:155,0
LF:72
LH:0
BRDA:10,0,0,0
BRDA:10,0,1,0
BRDA:10,1,0,0
BRDA:10,1,1,0
BRDA:10,1,2,0
BRDA:10,1,3,0
BRDA:10,1,4,0
BRDA:16,2,0,0
BRDA:16,2,1,0
BRDA:34,3,0,0
BRDA:34,3,1,0
BRDA:64,4,0,0
BRDA:64,4,1,0
BRDA:77,5,0,0
BRDA:77,5,1,0
BRDA:91,6,0,0
BRDA:91,6,1,0
BRDA:95,7,0,0
BRDA:95,7,1,0
BRDA:102,8,0,0
BRDA:102,8,1,0
BRDA:118,9,0,0
BRDA:118,9,1,0
BRDA:122,10,0,0
BRDA:122,10,1,0
BRDA:129,11,0,0
BRDA:129,11,1,0
BRDA:135,12,0,0
BRDA:135,12,1,0
BRF:29
BRH:0
end_of_record
TN:
SF:src/controllers/assessments.ts
FN:16,getAssessments
FN:64,createAssessment
FN:105,(anonymous_12)
FN:168,getAssessment
FN:195,updateAssessment
FN:228,deleteAssessment
FN:258,createAssessmentAttempt
FN:301,(anonymous_17)
FN:330,getAssessmentAttempts
FN:354,(anonymous_19)
FN:367,getAssessmentAttempt
FN:378,(anonymous_21)
FN:400,updateAssessmentAttempt
FN:414,(anonymous_23)
FN:443,(anonymous_24)
FNF:15
FNH:0
FNDA:0,getAssessments
FNDA:0,createAssessment
FNDA:0,(anonymous_12)
FNDA:0,getAssessment
FNDA:0,updateAssessment
FNDA:0,deleteAssessment
FNDA:0,createAssessmentAttempt
FNDA:0,(anonymous_17)
FNDA:0,getAssessmentAttempts
FNDA:0,(anonymous_19)
FNDA:0,getAssessmentAttempt
FNDA:0,(anonymous_21)
FNDA:0,updateAssessmentAttempt
FNDA:0,(anonymous_23)
FNDA:0,(anonymous_24)
DA:2,0
DA:3,0
DA:4,0
DA:5,0
DA:6,0
DA:16,0
DA:17,0
DA:18,0
DA:21,0
DA:22,0
DA:23,0
DA:26,0
DA:27,0
DA:28,0
DA:29,0
DA:37,0
DA:39,0
DA:40,0
DA:43,0
DA:44,0
DA:47,0
DA:48,0
DA:51,0
DA:57,0
DA:59,0
DA:60,0
DA:64,0
DA:65,0
DA:66,0
DA:69,0
DA:70,0
DA:71,0
DA:74,0
DA:75,0
DA:76,0
DA:80,0
DA:81,0
DA:84,0
DA:87,0
DA:90,0
DA:91,0
DA:92,0
DA:93,0
DA:94,0
DA:95,0
DA:98,0
DA:99,0
DA:100,0
DA:102,0
DA:103,0
DA:105,0
DA:106,0
DA:107,0
DA:108,0
DA:110,0
DA:113,0
DA:117,0
DA:118,0
DA:122,0
DA:126,0
DA:127,0
DA:129,0
DA:130,0
DA:132,0
DA:133,0
DA:136,0
DA:137,0
DA:141,0
DA:147,0
DA:149,0
DA:163,0
DA:164,0
DA:168,0
DA:169,0
DA:170,0
DA:173,0
DA:174,0
DA:175,0
DA:178,0
DA:179,0
DA:184,0
DA:185,0
DA:188,0
DA:190,0
DA:191,0
DA:195,0
DA:196,0
DA:197,0
DA:200,0
DA:201,0
DA:202,0
DA:205,0
DA:206,0
DA:208,0
DA:214,0
DA:215,0
DA:218,0
DA:223,0
DA:224,0
DA:228,0
DA:229,0
DA:230,0
DA:233,0
DA:234,0
DA:235,0
DA:238,0
DA:239,0
DA:244,0
DA:245,0
DA:248,0
DA:253,0
DA:254,0
DA:258,0
DA:259,0
DA:260,0
DA:261,0
DA:264,0
DA:265,0
DA:266,0
DA:269,0
DA:272,0
DA:273,0
DA:274,0
DA:278,0
DA:279,0
DA:282,0
DA:283,0
DA:286,0
DA:287,0
DA:291,0
DA:296,0
DA:297,0
DA:301,0
DA:302,0
DA:314,0
DA:316,0
DA:325,0
DA:326,0
DA:330,0
DA:331,0
DA:332,0
DA:333,0
DA:336,0
DA:337,0
DA:338,0
DA:341,0
DA:342,0
DA:345,0
DA:347,0
DA:348,0
DA:351,0
DA:354,0
DA:355,0
DA:360,0
DA:362,0
DA:363,0
DA:367,0
DA:368,0
DA:369,0
DA:370,0
DA:373,0
DA:374,0
DA:375,0
DA:378,0
DA:379,0
DA:384,0
DA:385,0
DA:389,0
DA:390,0
DA:393,0
DA:395,0
DA:396,0
DA:400,0
DA:401,0
DA:402,0
DA:403,0
DA:406,0
DA:407,0
DA:408,0
DA:411,0
DA:414,0
DA:415,0
DA:416,0
DA:417,0
DA:421,0
DA:422,0
DA:426,0
DA:427,0
DA:428,0
DA:432,0
DA:433,0
DA:434,0
DA:435,0
DA:437,0
DA:439,0
DA:440,0
DA:441,0
DA:443,0
DA:444,0
DA:446,0
DA:449,0
DA:450,0
DA:452,0
DA:455,0
DA:456,0
DA:458,0
DA:461,0
DA:462,0
DA:464,0
DA:467,0
DA:468,0
DA:470,0
DA:475,0
DA:476,0
DA:489,0
DA:494,0
DA:495,0
DA:496,0
DA:497,0
DA:498,0
DA:499,0
DA:500,0
DA:503,0
DA:509,0
DA:514,0
DA:515,0
LF:226
LH:0
BRDA:22,0,0,0
BRDA:22,0,1,0
BRDA:26,1,0,0
BRDA:26,1,1,0
BRDA:39,2,0,0
BRDA:39,2,1,0
BRDA:43,3,0,0
BRDA:43,3,1,0
BRDA:47,4,0,0
BRDA:47,4,1,0
BRDA:70,5,0,0
BRDA:70,5,1,0
BRDA:75,6,0,0
BRDA:75,6,1,0
BRDA:80,7,0,0
BRDA:80,7,1,0
BRDA:98,8,0,0
BRDA:98,8,1,0
BRDA:99,9,0,0
BRDA:99,9,1,0
BRDA:102,10,0,0
BRDA:102,10,1,0
BRDA:117,11,0,0
BRDA:117,11,1,0
BRDA:126,12,0,0
BRDA:126,12,1,0
BRDA:129,13,0,0
BRDA:129,13,1,0
BRDA:132,14,0,0
BRDA:132,14,1,0
BRDA:136,15,0,0
BRDA:136,15,1,0
BRDA:174,16,0,0
BRDA:174,16,1,0
BRDA:184,17,0,0
BRDA:184,17,1,0
BRDA:201,18,0,0
BRDA:201,18,1,0
BRDA:214,19,0,0
BRDA:214,19,1,0
BRDA:234,20,0,0
BRDA:234,20,1,0
BRDA:244,21,0,0
BRDA:244,21,1,0
BRDA:265,22,0,0
BRDA:265,22,1,0
BRDA:273,23,0,0
BRDA:273,23,1,0
BRDA:278,24,0,0
BRDA:278,24,1,0
BRDA:282,25,0,0
BRDA:282,25,1,0
BRDA:282,26,0,0
BRDA:282,26,1,0
BRDA:286,27,0,0
BRDA:286,27,1,0
BRDA:286,28,0,0
BRDA:286,28,1,0
BRDA:293,29,0,0
BRDA:293,29,1,0
BRDA:296,30,0,0
BRDA:296,30,1,0
BRDA:296,31,0,0
BRDA:296,31,1,0
BRDA:304,32,0,0
BRDA:304,32,1,0
BRDA:337,33,0,0
BRDA:337,33,1,0
BRDA:341,34,0,0
BRDA:341,34,1,0
BRDA:347,35,0,0
BRDA:347,35,1,0
BRDA:374,36,0,0
BRDA:374,36,1,0
BRDA:384,37,0,0
BRDA:384,37,1,0
BRDA:389,38,0,0
BRDA:389,38,1,0
BRDA:389,39,0,0
BRDA:389,39,1,0
BRDA:407,40,0,0
BRDA:407,40,1,0
BRDA:411,41,0,0
BRDA:416,42,0,0
BRDA:416,42,1,0
BRDA:421,43,0,0
BRDA:421,43,1,0
BRDA:427,44,0,0
BRDA:427,44,1,0
BRDA:437,45,0,0
BRDA:437,45,1,0
BRDA:437,46,0,0
BRDA:437,46,1,0
BRDA:437,46,2,0
BRDA:440,47,0,0
BRDA:440,47,1,0
BRDA:444,48,0,0
BRDA:444,48,1,0
BRDA:446,49,0,0
BRDA:446,49,1,0
BRDA:446,49,2,0
BRDA:446,49,3,0
BRDA:446,49,4,0
BRDA:449,50,0,0
BRDA:449,50,1,0
BRDA:455,51,0,0
BRDA:455,51,1,0
BRDA:461,52,0,0
BRDA:461,52,1,0
BRDA:461,53,0,0
BRDA:461,53,1,0
BRDA:467,54,0,0
BRDA:467,54,1,0
BRDA:467,55,0,0
BRDA:467,55,1,0
BRDA:475,56,0,0
BRDA:475,56,1,0
BRDA:476,57,0,0
BRDA:476,57,1,0
BRDA:490,58,0,0
BRDA:490,58,1,0
BRDA:494,59,0,0
BRDA:494,59,1,0
BRF:123
BRH:0
end_of_record
TN:
SF:src/controllers/auth.ts
FN:24,login
FN:69,refreshToken
FN:102,logout
FN:121,me
FN:143,register
FN:190,requestPasswordReset
FN:215,verifyPasswordResetToken
FN:233,resetPassword
FN:266,setupTwoFactor
FN:309,verifyTwoFactor
FN:335,(anonymous_20)
FN:344,(anonymous_21)
FN:353,disableTwoFactor
FN:380,(anonymous_23)
FNF:14
FNH:0
FNDA:0,login
FNDA:0,refreshToken
FNDA:0,logout
FNDA:0,me
FNDA:0,register
FNDA:0,requestPasswordReset
FNDA:0,verifyPasswordResetToken
FNDA:0,resetPassword
FNDA:0,setupTwoFactor
FNDA:0,verifyTwoFactor
FNDA:0,(anonymous_20)
FNDA:0,(anonymous_21)
FNDA:0,disableTwoFactor
FNDA:0,(anonymous_23)
DA:2,0
DA:3,0
DA:13,0
DA:18,0
DA:19,0
DA:20,0
DA:21,0
DA:22,0
DA:24,0
DA:25,0
DA:26,0
DA:28,0
DA:30,0
DA:31,0
DA:34,0
DA:36,0
DA:37,0
DA:40,0
DA:41,0
DA:42,0
DA:49,0
DA:50,0
DA:57,0
DA:64,0
DA:65,0
DA:69,0
DA:70,0
DA:71,0
DA:73,0
DA:75,0
DA:76,0
DA:79,0
DA:80,0
DA:81,0
DA:84,0
DA:85,0
DA:91,0
DA:92,0
DA:97,0
DA:98,0
DA:102,0
DA:103,0
DA:104,0
DA:105,0
DA:106,0
DA:108,0
DA:113,0
DA:114,0
DA:121,0
DA:122,0
DA:123,0
DA:125,0
DA:127,0
DA:128,0
DA:131,0
DA:132,0
DA:133,0
DA:136,0
DA:138,0
DA:139,0
DA:143,0
DA:144,0
DA:145,0
DA:147,0
DA:148,0
DA:150,0
DA:157,0
DA:158,0
DA:161,0
DA:162,0
DA:168,0
DA:169,0
DA:171,0
DA:172,0
DA:174,0
DA:179,0
DA:180,0
DA:182,0
DA:185,0
DA:186,0
DA:190,0
DA:191,0
DA:192,0
DA:193,0
DA:194,0
DA:196,0
DA:197,0
DA:200,0
DA:202,0
DA:203,0
DA:205,0
DA:210,0
DA:211,0
DA:215,0
DA:216,0
DA:217,0
DA:218,0
DA:220,0
DA:222,0
DA:223,0
DA:226,0
DA:228,0
DA:229,0
DA:233,0
DA:234,0
DA:235,0
DA:236,0
DA:238,0
DA:239,0
DA:244,0
DA:245,0
DA:251,0
DA:253,0
DA:255,0
DA:256,0
DA:259,0
DA:261,0
DA:262,0
DA:266,0
DA:267,0
DA:268,0
DA:270,0
DA:271,0
DA:273,0
DA:274,0
DA:277,0
DA:278,0
DA:279,0
DA:282,0
DA:283,0
DA:284,0
DA:287,0
DA:288,0
DA:291,0
DA:292,0
DA:294,0
DA:298,0
DA:304,0
DA:305,0
DA:309,0
DA:310,0
DA:311,0
DA:313,0
DA:315,0
DA:316,0
DA:319,0
DA:320,0
DA:321,0
DA:324,0
DA:325,0
DA:328,0
DA:330,0
DA:331,0
DA:334,0
DA:335,0
DA:337,0
DA:342,0
DA:344,0
DA:348,0
DA:349,0
DA:353,0
DA:354,0
DA:355,0
DA:357,0
DA:358,0
DA:360,0
DA:361,0
DA:364,0
DA:365,0
DA:366,0
DA:369,0
DA:371,0
DA:372,0
DA:373,0
DA:376,0
DA:377,0
DA:380,0
DA:381,0
DA:382,0
DA:383,0
DA:386,0
DA:387,0
DA:388,0
DA:389,0
DA:393,0
DA:399,0
DA:401,0
DA:402,0
LF:188
LH:0
BRDA:30,0,0,0
BRDA:30,0,1,0
BRDA:30,1,0,0
BRDA:30,1,1,0
BRDA:36,2,0,0
BRDA:36,2,1,0
BRDA:40,3,0,0
BRDA:40,3,1,0
BRDA:41,4,0,0
BRDA:41,4,1,0
BRDA:75,5,0,0
BRDA:75,5,1,0
BRDA:80,6,0,0
BRDA:80,6,1,0
BRDA:84,7,0,0
BRDA:84,7,1,0
BRDA:104,8,0,0
BRDA:104,8,1,0
BRDA:105,9,0,0
BRDA:105,9,1,0
BRDA:127,10,0,0
BRDA:127,10,1,0
BRDA:132,11,0,0
BRDA:132,11,1,0
BRDA:157,12,0,0
BRDA:157,12,1,0
BRDA:161,13,0,0
BRDA:161,13,1,0
BRDA:179,14,0,0
BRDA:179,14,1,0
BRDA:179,15,0,0
BRDA:179,15,1,0
BRDA:192,16,0,0
BRDA:192,16,1,0
BRDA:196,17,0,0
BRDA:196,17,1,0
BRDA:222,18,0,0
BRDA:222,18,1,0
BRDA:236,19,0,0
BRDA:236,19,1,0
BRDA:244,20,0,0
BRDA:244,20,1,0
BRDA:255,21,0,0
BRDA:255,21,1,0
BRDA:271,22,0,0
BRDA:271,22,1,0
BRDA:273,23,0,0
BRDA:273,23,1,0
BRDA:278,24,0,0
BRDA:278,24,1,0
BRDA:283,25,0,0
BRDA:283,25,1,0
BRDA:287,26,0,0
BRDA:287,26,1,0
BRDA:315,27,0,0
BRDA:315,27,1,0
BRDA:315,28,0,0
BRDA:315,28,1,0
BRDA:320,29,0,0
BRDA:320,29,1,0
BRDA:324,30,0,0
BRDA:324,30,1,0
BRDA:330,31,0,0
BRDA:330,31,1,0
BRDA:358,32,0,0
BRDA:358,32,1,0
BRDA:360,33,0,0
BRDA:360,33,1,0
BRDA:365,34,0,0
BRDA:365,34,1,0
BRDA:372,35,0,0
BRDA:372,35,1,0
BRDA:376,36,0,0
BRDA:376,36,1,0
BRDA:382,37,0,0
BRDA:382,37,1,0
BRDA:386,38,0,0
BRDA:386,38,1,0
BRDA:388,39,0,0
BRDA:388,39,1,0
BRF:80
BRH:0
end_of_record
TN:
SF:src/controllers/classes.ts
FN:8,formatClassDocument
FN:21,(anonymous_2)
FN:22,(anonymous_3)
FN:28,(anonymous_4)
FN:29,(anonymous_5)
FN:44,getClasses
FN:70,createClass
FN:127,getClassById
FN:155,updateClass
FN:191,getClassStudents
FN:203,(anonymous_11)
FN:218,addStudentToClass
FN:241,getClassesForUser
FNF:13
FNH:0
FNDA:0,formatClassDocument
FNDA:0,(anonymous_2)
FNDA:0,(anonymous_3)
FNDA:0,(anonymous_4)
FNDA:0,(anonymous_5)
FNDA:0,getClasses
FNDA:0,createClass
FNDA:0,getClassById
FNDA:0,updateClass
FNDA:0,getClassStudents
FNDA:0,(anonymous_11)
FNDA:0,addStudentToClass
FNDA:0,getClassesForUser
DA:2,0
DA:3,0
DA:4,0
DA:5,0
DA:6,0
DA:9,0
DA:21,0
DA:22,0
DA:28,0
DA:29,0
DA:44,0
DA:45,0
DA:46,0
DA:48,0
DA:49,0
DA:50,0
DA:53,0
DA:54,0
DA:55,0
DA:58,0
DA:59,0
DA:60,0
DA:62,0
DA:63,0
DA:65,0
DA:66,0
DA:70,0
DA:71,0
DA:72,0
DA:74,0
DA:75,0
DA:76,0
DA:79,0
DA:80,0
DA:81,0
DA:84,0
DA:85,0
DA:88,0
DA:89,0
DA:91,0
DA:92,0
DA:95,0
DA:96,0
DA:111,0
DA:116,0
DA:117,0
DA:119,0
DA:122,0
DA:123,0
DA:127,0
DA:128,0
DA:129,0
DA:131,0
DA:132,0
DA:133,0
DA:136,0
DA:137,0
DA:138,0
DA:141,0
DA:142,0
DA:144,0
DA:145,0
DA:148,0
DA:150,0
DA:151,0
DA:155,0
DA:156,0
DA:157,0
DA:159,0
DA:160,0
DA:161,0
DA:164,0
DA:165,0
DA:166,0
DA:169,0
DA:170,0
DA:172,0
DA:173,0
DA:175,0
DA:180,0
DA:181,0
DA:183,0
DA:186,0
DA:187,0
DA:191,0
DA:192,0
DA:193,0
DA:195,0
DA:196,0
DA:197,0
DA:200,0
DA:201,0
DA:203,0
DA:211,0
DA:213,0
DA:214,0
DA:218,0
DA:219,0
DA:220,0
DA:222,0
DA:223,0
DA:225,0
DA:226,0
DA:229,0
DA:231,0
DA:236,0
DA:237,0
DA:241,0
DA:242,0
DA:243,0
DA:245,0
DA:246,0
DA:247,0
DA:250,0
DA:251,0
DA:252,0
DA:255,0
DA:256,0
DA:257,0
DA:259,0
DA:260,0
DA:262,0
DA:263,0
LF:123
LH:0
BRDA:21,0,0,0
BRDA:21,0,1,0
BRDA:28,1,0,0
BRDA:28,1,1,0
BRDA:49,2,0,0
BRDA:49,2,1,0
BRDA:54,3,0,0
BRDA:54,3,1,0
BRDA:75,4,0,0
BRDA:75,4,1,0
BRDA:80,5,0,0
BRDA:80,5,1,0
BRDA:84,6,0,0
BRDA:84,6,1,0
BRDA:89,7,0,0
BRDA:89,8,0,0
BRDA:91,9,0,0
BRDA:91,9,1,0
BRDA:91,10,0,0
BRDA:91,10,1,0
BRDA:91,10,2,0
BRDA:91,10,3,0
BRDA:91,10,4,0
BRDA:116,11,0,0
BRDA:116,11,1,0
BRDA:132,12,0,0
BRDA:132,12,1,0
BRDA:137,13,0,0
BRDA:137,13,1,0
BRDA:144,14,0,0
BRDA:144,14,1,0
BRDA:160,15,0,0
BRDA:160,15,1,0
BRDA:165,16,0,0
BRDA:165,16,1,0
BRDA:180,17,0,0
BRDA:180,17,1,0
BRDA:196,18,0,0
BRDA:196,18,1,0
BRDA:225,19,0,0
BRDA:225,19,1,0
BRDA:225,20,0,0
BRDA:225,20,1,0
BRDA:246,21,0,0
BRDA:246,21,1,0
BRDA:251,22,0,0
BRDA:251,22,1,0
BRF:47
BRH:0
end_of_record
TN:
SF:src/controllers/courses.ts
FN:8,getCourses
FN:33,createCourse
FN:84,getCourseById
FN:107,updateCourse
FN:121,(anonymous_14)
FN:147,deleteCourse
FN:160,(anonymous_16)
FNF:7
FNH:0
FNDA:0,getCourses
FNDA:0,createCourse
FNDA:0,getCourseById
FNDA:0,updateCourse
FNDA:0,(anonymous_14)
FNDA:0,deleteCourse
FNDA:0,(anonymous_16)
DA:2,0
DA:3,0
DA:4,0
DA:5,0
DA:6,0
DA:8,0
DA:9,0
DA:10,0
DA:12,0
DA:13,0
DA:14,0
DA:17,0
DA:18,0
DA:19,0
DA:22,0
DA:23,0
DA:25,0
DA:26,0
DA:28,0
DA:29,0
DA:33,0
DA:34,0
DA:35,0
DA:37,0
DA:38,0
DA:39,0
DA:42,0
DA:43,0
DA:44,0
DA:47,0
DA:48,0
DA:51,0
DA:52,0
DA:54,0
DA:55,0
DA:68,0
DA:73,0
DA:74,0
DA:76,0
DA:79,0
DA:80,0
DA:84,0
DA:85,0
DA:86,0
DA:88,0
DA:89,0
DA:90,0
DA:93,0
DA:94,0
DA:96,0
DA:97,0
DA:100,0
DA:102,0
DA:103,0
DA:107,0
DA:108,0
DA:109,0
DA:111,0
DA:112,0
DA:114,0
DA:115,0
DA:117,0
DA:118,0
DA:121,0
DA:122,0
DA:124,0
DA:125,0
DA:126,0
DA:129,0
DA:137,0
DA:139,0
DA:140,0
DA:141,0
DA:143,0
DA:147,0
DA:148,0
DA:149,0
DA:151,0
DA:153,0
DA:154,0
DA:156,0
DA:157,0
DA:160,0
DA:161,0
DA:163,0
DA:164,0
DA:165,0
DA:168,0
DA:175,0
DA:177,0
DA:178,0
DA:179,0
DA:181,0
LF:93
LH:0
BRDA:13,0,0,0
BRDA:13,0,1,0
BRDA:18,1,0,0
BRDA:18,1,1,0
BRDA:38,2,0,0
BRDA:38,2,1,0
BRDA:43,3,0,0
BRDA:43,3,1,0
BRDA:47,4,0,0
BRDA:47,4,1,0
BRDA:52,5,0,0
BRDA:62,6,0,0
BRDA:62,6,1,0
BRDA:63,7,0,0
BRDA:63,7,1,0
BRDA:73,8,0,0
BRDA:73,8,1,0
BRDA:89,9,0,0
BRDA:89,9,1,0
BRDA:96,10,0,0
BRDA:96,10,1,0
BRDA:115,11,0,0
BRDA:115,11,1,0
BRDA:117,12,0,0
BRDA:117,12,1,0
BRDA:125,13,0,0
BRDA:125,13,1,0
BRDA:140,14,0,0
BRDA:140,14,1,0
BRDA:154,15,0,0
BRDA:154,15,1,0
BRDA:156,16,0,0
BRDA:156,16,1,0
BRDA:164,17,0,0
BRDA:164,17,1,0
BRDA:178,18,0,0
BRDA:178,18,1,0
BRF:37
BRH:0
end_of_record
TN:
SF:src/controllers/deletionRequests.ts
FN:7,requestDeletion
FN:48,getPendingDeletionRequests
FN:66,getAllDeletionRequests
FN:88,getDeletionRequestById
FN:112,approveDeletionRequest
FN:137,rejectDeletionRequest
FN:167,cancelDeletionRequest
FN:188,getPendingDeletionCount
FNF:8
FNH:0
FNDA:0,requestDeletion
FNDA:0,getPendingDeletionRequests
FNDA:0,getAllDeletionRequests
FNDA:0,getDeletionRequestById
FNDA:0,approveDeletionRequest
FNDA:0,rejectDeletionRequest
FNDA:0,cancelDeletionRequest
FNDA:0,getPendingDeletionCount
DA:2,0
DA:4,0
DA:7,0
DA:8,0
DA:9,0
DA:10,0
DA:13,0
DA:14,0
DA:17,0
DA:19,0
DA:20,0
DA:23,0
DA:24,0
DA:27,0
DA:34,0
DA:35,0
DA:38,0
DA:43,0
DA:44,0
DA:48,0
DA:49,0
DA:50,0
DA:51,0
DA:54,0
DA:55,0
DA:58,0
DA:59,0
DA:61,0
DA:62,0
DA:66,0
DA:67,0
DA:68,0
DA:69,0
DA:72,0
DA:73,0
DA:76,0
DA:77,0
DA:80,0
DA:81,0
DA:83,0
DA:84,0
DA:88,0
DA:89,0
DA:90,0
DA:91,0
DA:94,0
DA:95,0
DA:97,0
DA:98,0
DA:101,0
DA:102,0
DA:105,0
DA:107,0
DA:108,0
DA:112,0
DA:113,0
DA:114,0
DA:115,0
DA:118,0
DA:119,0
DA:122,0
DA:124,0
DA:126,0
DA:127,0
DA:130,0
DA:132,0
DA:133,0
DA:137,0
DA:138,0
DA:139,0
DA:140,0
DA:143,0
DA:144,0
DA:147,0
DA:148,0
DA:150,0
DA:151,0
DA:154,0
DA:156,0
DA:157,0
DA:160,0
DA:162,0
DA:163,0
DA:167,0
DA:168,0
DA:169,0
DA:170,0
DA:173,0
DA:175,0
DA:177,0
DA:178,0
DA:181,0
DA:183,0
DA:184,0
DA:188,0
DA:189,0
DA:190,0
DA:191,0
DA:194,0
DA:195,0
DA:198,0
DA:199,0
DA:201,0
DA:202,0
LF:104
LH:0
BRDA:9,0,0,0
BRDA:9,0,1,0
BRDA:13,1,0,0
BRDA:13,1,1,0
BRDA:19,2,0,0
BRDA:19,2,1,0
BRDA:23,3,0,0
BRDA:23,3,1,0
BRDA:34,4,0,0
BRDA:34,4,1,0
BRDA:50,5,0,0
BRDA:50,5,1,0
BRDA:54,6,0,0
BRDA:54,6,1,0
BRDA:68,7,0,0
BRDA:68,7,1,0
BRDA:72,8,0,0
BRDA:72,8,1,0
BRDA:76,9,0,0
BRDA:76,9,1,0
BRDA:90,10,0,0
BRDA:90,10,1,0
BRDA:97,11,0,0
BRDA:97,11,1,0
BRDA:101,12,0,0
BRDA:101,12,1,0
BRDA:114,13,0,0
BRDA:114,13,1,0
BRDA:118,14,0,0
BRDA:118,14,1,0
BRDA:126,15,0,0
BRDA:126,15,1,0
BRDA:139,16,0,0
BRDA:139,16,1,0
BRDA:143,17,0,0
BRDA:143,17,1,0
BRDA:150,18,0,0
BRDA:150,18,1,0
BRDA:156,19,0,0
BRDA:156,19,1,0
BRDA:169,20,0,0
BRDA:169,20,1,0
BRDA:177,21,0,0
BRDA:177,21,1,0
BRDA:190,22,0,0
BRDA:190,22,1,0
BRDA:194,23,0,0
BRDA:194,23,1,0
BRF:48
BRH:0
end_of_record
TN:
SF:src/controllers/grades.ts
FN:15,getGrades
FN:44,createGrade
FN:98,getGrade
FN:116,updateGrade
FN:159,deleteGrade
FN:195,bulkCreateGrades
FN:223,(anonymous_7)
FNF:7
FNH:0
FNDA:0,getGrades
FNDA:0,createGrade
FNDA:0,getGrade
FNDA:0,updateGrade
FNDA:0,deleteGrade
FNDA:0,bulkCreateGrades
FNDA:0,(anonymous_7)
DA:2,0
DA:3,0
DA:4,0
DA:5,0
DA:6,0
DA:7,0
DA:8,0
DA:9,0
DA:12,0
DA:13,0
DA:15,0
DA:16,0
DA:17,0
DA:19,0
DA:20,0
DA:22,0
DA:23,0
DA:26,0
DA:27,0
DA:29,0
DA:30,0
DA:33,0
DA:34,0
DA:36,0
DA:37,0
DA:39,0
DA:40,0
DA:44,0
DA:45,0
DA:46,0
DA:48,0
DA:49,0
DA:51,0
DA:52,0
DA:55,0
DA:56,0
DA:58,0
DA:59,0
DA:62,0
DA:63,0
DA:66,0
DA:67,0
DA:69,0
DA:70,0
DA:73,0
DA:85,0
DA:90,0
DA:91,0
DA:92,0
DA:94,0
DA:98,0
DA:99,0
DA:100,0
DA:102,0
DA:103,0
DA:105,0
DA:106,0
DA:109,0
DA:111,0
DA:112,0
DA:116,0
DA:117,0
DA:118,0
DA:120,0
DA:121,0
DA:123,0
DA:124,0
DA:127,0
DA:128,0
DA:130,0
DA:131,0
DA:134,0
DA:135,0
DA:136,0
DA:138,0
DA:146,0
DA:151,0
DA:152,0
DA:153,0
DA:155,0
DA:159,0
DA:160,0
DA:161,0
DA:163,0
DA:164,0
DA:166,0
DA:167,0
DA:170,0
DA:171,0
DA:173,0
DA:174,0
DA:177,0
DA:178,0
DA:185,0
DA:187,0
DA:188,0
DA:189,0
DA:191,0
DA:195,0
DA:196,0
DA:197,0
DA:199,0
DA:200,0
DA:202,0
DA:203,0
DA:206,0
DA:207,0
DA:209,0
DA:210,0
DA:213,0
DA:214,0
DA:217,0
DA:219,0
DA:220,0
DA:223,0
DA:228,0
DA:230,0
DA:235,0
DA:236,0
DA:237,0
DA:239,0
LF:121
LH:0
BRDA:20,0,0,0
BRDA:20,0,1,0
BRDA:22,1,0,0
BRDA:22,1,1,0
BRDA:29,2,0,0
BRDA:29,2,1,0
BRDA:49,3,0,0
BRDA:49,3,1,0
BRDA:51,4,0,0
BRDA:51,4,1,0
BRDA:58,5,0,0
BRDA:58,5,1,0
BRDA:62,6,0,0
BRDA:62,6,1,0
BRDA:69,7,0,0
BRDA:69,7,1,0
BRDA:69,8,0,0
BRDA:69,8,1,0
BRDA:69,8,2,0
BRDA:69,8,3,0
BRDA:69,8,4,0
BRDA:91,9,0,0
BRDA:91,9,1,0
BRDA:105,10,0,0
BRDA:105,10,1,0
BRDA:121,11,0,0
BRDA:121,11,1,0
BRDA:123,12,0,0
BRDA:123,12,1,0
BRDA:130,13,0,0
BRDA:130,13,1,0
BRDA:152,14,0,0
BRDA:152,14,1,0
BRDA:164,15,0,0
BRDA:164,15,1,0
BRDA:166,16,0,0
BRDA:166,16,1,0
BRDA:173,17,0,0
BRDA:173,17,1,0
BRDA:188,18,0,0
BRDA:188,18,1,0
BRDA:200,19,0,0
BRDA:200,19,1,0
BRDA:202,20,0,0
BRDA:202,20,1,0
BRDA:209,21,0,0
BRDA:209,21,1,0
BRDA:213,22,0,0
BRDA:213,22,1,0
BRDA:219,23,0,0
BRDA:219,23,1,0
BRDA:219,24,0,0
BRDA:219,24,1,0
BRDA:236,25,0,0
BRDA:236,25,1,0
BRF:55
BRH:0
end_of_record
TN:
SF:src/controllers/health.ts
FN:29,getLiveness
FN:36,getReadiness
FN:58,getHealth
FN:103,(anonymous_4)
FN:116,checkDatabase
FN:141,checkRedis
FN:165,checkCloudinary
FNF:7
FNH:0
FNDA:0,getLiveness
FNDA:0,getReadiness
FNDA:0,getHealth
FNDA:0,(anonymous_4)
FNDA:0,checkDatabase
FNDA:0,checkRedis
FNDA:0,checkCloudinary
DA:2,0
DA:3,0
DA:4,0
DA:29,0
DA:30,0
DA:36,0
DA:37,0
DA:38,0
DA:39,0
DA:40,0
DA:46,0
DA:51,0
DA:58,0
DA:59,0
DA:60,0
DA:61,0
DA:62,0
DA:64,0
DA:81,0
DA:87,0
DA:88,0
DA:89,0
DA:91,0
DA:92,0
DA:95,0
DA:96,0
DA:99,0
DA:100,0
DA:103,0
DA:104,0
DA:105,0
DA:106,0
DA:107,0
DA:109,0
DA:112,0
DA:113,0
DA:117,0
DA:118,0
DA:119,0
DA:120,0
DA:121,0
DA:122,0
DA:123,0
DA:129,0
DA:134,0
DA:142,0
DA:143,0
DA:144,0
DA:145,0
DA:146,0
DA:151,0
DA:152,0
DA:158,0
DA:166,0
DA:167,0
DA:168,0
DA:169,0
DA:170,0
DA:175,0
DA:181,0
LF:60
LH:0
BRDA:39,0,0,0
BRDA:39,0,1,0
BRDA:53,1,0,0
BRDA:53,1,1,0
BRDA:73,2,0,0
BRDA:73,2,1,0
BRDA:91,3,0,0
BRDA:91,3,1,0
BRDA:95,4,0,0
BRDA:95,4,1,0
BRDA:99,5,0,0
BRDA:99,5,1,0
BRDA:104,6,0,0
BRDA:104,6,1,0
BRDA:106,7,0,0
BRDA:106,7,1,0
BRDA:112,8,0,0
BRDA:112,8,1,0
BRDA:112,9,0,0
BRDA:112,9,1,0
BRDA:120,10,0,0
BRDA:120,10,1,0
BRDA:131,11,0,0
BRDA:131,11,1,0
BRDA:136,12,0,0
BRDA:136,12,1,0
BRDA:145,13,0,0
BRDA:145,13,1,0
BRDA:160,14,0,0
BRDA:160,14,1,0
BRDA:169,15,0,0
BRDA:169,15,1,0
BRDA:169,16,0,0
BRDA:169,16,1,0
BRDA:169,16,2,0
BRDA:183,17,0,0
BRDA:183,17,1,0
BRF:37
BRH:0
end_of_record
TN:
SF:src/controllers/mentors.ts
FN:12,getMentors
FN:74,(anonymous_11)
FN:87,createMentor
FN:212,updateMentorAssignments
FN:268,(anonymous_14)
FN:296,updateMentor
FN:359,(anonymous_16)
FN:388,deleteMentor
FN:442,getMentor
FN:478,getMentorInvitation
FN:517,acceptMentorInvitation
FN:547,(anonymous_21)
FNF:12
FNH:0
FNDA:0,getMentors
FNDA:0,(anonymous_11)
FNDA:0,createMentor
FNDA:0,updateMentorAssignments
FNDA:0,(anonymous_14)
FNDA:0,updateMentor
FNDA:0,(anonymous_16)
FNDA:0,deleteMentor
FNDA:0,getMentor
FNDA:0,getMentorInvitation
FNDA:0,acceptMentorInvitation
FNDA:0,(anonymous_21)
DA:2,0
DA:3,0
DA:4,0
DA:5,0
DA:6,0
DA:7,0
DA:8,0
DA:9,0
DA:12,0
DA:13,0
DA:14,0
DA:16,0
DA:17,0
DA:18,0
DA:21,0
DA:22,0
DA:23,0
DA:27,0
DA:28,0
DA:31,0
DA:32,0
DA:34,0
DA:35,0
DA:39,0
DA:40,0
DA:41,0
DA:45,0
DA:46,0
DA:50,0
DA:62,0
DA:63,0
DA:64,0
DA:65,0
DA:66,0
DA:67,0
DA:69,0
DA:74,0
DA:79,0
DA:81,0
DA:82,0
DA:87,0
DA:88,0
DA:89,0
DA:91,0
DA:92,0
DA:93,0
DA:96,0
DA:97,0
DA:98,0
DA:102,0
DA:103,0
DA:106,0
DA:111,0
DA:114,0
DA:115,0
DA:119,0
DA:120,0
DA:121,0
DA:125,0
DA:126,0
DA:130,0
DA:131,0
DA:133,0
DA:134,0
DA:135,0
DA:136,0
DA:137,0
DA:139,0
DA:147,0
DA:154,0
DA:155,0
DA:159,0
DA:162,0
DA:163,0
DA:165,0
DA:174,0
DA:177,0
DA:186,0
DA:188,0
DA:190,0
DA:191,0
DA:194,0
DA:206,0
DA:207,0
DA:212,0
DA:213,0
DA:214,0
DA:216,0
DA:217,0
DA:218,0
DA:221,0
DA:222,0
DA:223,0
DA:227,0
DA:228,0
DA:231,0
DA:236,0
DA:238,0
DA:239,0
DA:243,0
DA:244,0
DA:245,0
DA:248,0
DA:250,0
DA:253,0
DA:255,0
DA:256,0
DA:257,0
DA:258,0
DA:259,0
DA:262,0
DA:264,0
DA:265,0
DA:266,0
DA:267,0
DA:268,0
DA:270,0
DA:276,0
DA:277,0
DA:281,0
DA:290,0
DA:291,0
DA:296,0
DA:297,0
DA:298,0
DA:300,0
DA:301,0
DA:302,0
DA:305,0
DA:306,0
DA:307,0
DA:311,0
DA:312,0
DA:315,0
DA:316,0
DA:322,0
DA:325,0
DA:326,0
DA:327,0
DA:331,0
DA:333,0
DA:336,0
DA:338,0
DA:339,0
DA:340,0
DA:343,0
DA:344,0
DA:346,0
DA:347,0
DA:348,0
DA:349,0
DA:350,0
DA:353,0
DA:355,0
DA:356,0
DA:357,0
DA:358,0
DA:359,0
DA:361,0
DA:368,0
DA:369,0
DA:373,0
DA:382,0
DA:383,0
DA:388,0
DA:389,0
DA:390,0
DA:392,0
DA:393,0
DA:394,0
DA:397,0
DA:398,0
DA:399,0
DA:403,0
DA:404,0
DA:407,0
DA:410,0
DA:411,0
DA:412,0
DA:416,0
DA:418,0
DA:422,0
DA:423,0
DA:426,0
DA:431,0
DA:436,0
DA:437,0
DA:442,0
DA:443,0
DA:444,0
DA:446,0
DA:447,0
DA:448,0
DA:451,0
DA:454,0
DA:455,0
DA:456,0
DA:460,0
DA:464,0
DA:472,0
DA:473,0
DA:478,0
DA:479,0
DA:480,0
DA:482,0
DA:485,0
DA:491,0
DA:492,0
DA:496,0
DA:498,0
DA:511,0
DA:512,0
DA:517,0
DA:518,0
DA:519,0
DA:521,0
DA:522,0
DA:525,0
DA:526,0
DA:530,0
DA:536,0
DA:537,0
DA:541,0
DA:542,0
DA:543,0
DA:547,0
DA:548,0
DA:551,0
DA:560,0
DA:563,0
DA:564,0
DA:565,0
DA:568,0
DA:570,0
DA:582,0
DA:583,0
LF:236
LH:0
BRDA:17,0,0,0
BRDA:17,0,1,0
BRDA:22,1,0,0
BRDA:22,1,1,0
BRDA:27,2,0,0
BRDA:27,2,1,0
BRDA:31,3,0,0
BRDA:31,3,1,0
BRDA:32,4,0,0
BRDA:32,4,1,0
BRDA:34,5,0,0
BRDA:34,5,1,0
BRDA:40,6,0,0
BRDA:40,6,1,0
BRDA:45,7,0,0
BRDA:45,7,1,0
BRDA:45,8,0,0
BRDA:45,8,1,0
BRDA:66,9,0,0
BRDA:66,9,1,0
BRDA:76,10,0,0
BRDA:76,10,1,0
BRDA:92,11,0,0
BRDA:92,11,1,0
BRDA:97,12,0,0
BRDA:97,12,1,0
BRDA:102,13,0,0
BRDA:102,13,1,0
BRDA:114,14,0,0
BRDA:114,14,1,0
BRDA:114,15,0,0
BRDA:114,15,1,0
BRDA:114,15,2,0
BRDA:120,16,0,0
BRDA:120,16,1,0
BRDA:125,17,0,0
BRDA:125,17,1,0
BRDA:125,18,0,0
BRDA:125,18,1,0
BRDA:131,19,0,0
BRDA:131,19,1,0
BRDA:133,20,0,0
BRDA:133,20,1,0
BRDA:133,21,0,0
BRDA:133,21,1,0
BRDA:154,22,0,0
BRDA:154,22,1,0
BRDA:188,23,0,0
BRDA:188,23,1,0
BRDA:217,24,0,0
BRDA:217,24,1,0
BRDA:222,25,0,0
BRDA:222,25,1,0
BRDA:227,26,0,0
BRDA:227,26,1,0
BRDA:238,27,0,0
BRDA:238,27,1,0
BRDA:238,28,0,0
BRDA:238,28,1,0
BRDA:238,28,2,0
BRDA:244,29,0,0
BRDA:244,29,1,0
BRDA:244,30,0,0
BRDA:244,30,1,0
BRDA:248,31,0,0
BRDA:248,31,1,0
BRDA:248,32,0,0
BRDA:248,32,1,0
BRDA:253,33,0,0
BRDA:253,33,1,0
BRDA:257,34,0,0
BRDA:257,34,1,0
BRDA:257,35,0,0
BRDA:257,35,1,0
BRDA:262,36,0,0
BRDA:262,36,1,0
BRDA:266,37,0,0
BRDA:266,37,1,0
BRDA:301,38,0,0
BRDA:301,38,1,0
BRDA:306,39,0,0
BRDA:306,39,1,0
BRDA:311,40,0,0
BRDA:311,40,1,0
BRDA:326,41,0,0
BRDA:326,41,1,0
BRDA:331,42,0,0
BRDA:331,42,1,0
BRDA:331,43,0,0
BRDA:331,43,1,0
BRDA:336,44,0,0
BRDA:336,44,1,0
BRDA:336,45,0,0
BRDA:336,45,1,0
BRDA:338,46,0,0
BRDA:338,46,1,0
BRDA:339,47,0,0
BRDA:339,47,1,0
BRDA:343,48,0,0
BRDA:343,48,1,0
BRDA:343,49,0,0
BRDA:343,49,1,0
BRDA:344,50,0,0
BRDA:344,50,1,0
BRDA:348,51,0,0
BRDA:348,51,1,0
BRDA:348,52,0,0
BRDA:348,52,1,0
BRDA:353,53,0,0
BRDA:353,53,1,0
BRDA:357,54,0,0
BRDA:357,54,1,0
BRDA:393,55,0,0
BRDA:393,55,1,0
BRDA:398,56,0,0
BRDA:398,56,1,0
BRDA:403,57,0,0
BRDA:403,57,1,0
BRDA:411,58,0,0
BRDA:411,58,1,0
BRDA:416,59,0,0
BRDA:416,59,1,0
BRDA:416,60,0,0
BRDA:416,60,1,0
BRDA:447,61,0,0
BRDA:447,61,1,0
BRDA:455,62,0,0
BRDA:455,62,1,0
BRDA:455,63,0,0
BRDA:455,63,1,0
BRDA:491,64,0,0
BRDA:491,64,1,0
BRDA:504,65,0,0
BRDA:504,65,1,0
BRDA:525,66,0,0
BRDA:525,66,1,0
BRDA:525,67,0,0
BRDA:525,67,1,0
BRDA:536,68,0,0
BRDA:536,68,1,0
BRDA:542,69,0,0
BRDA:542,69,1,0
BRF:142
BRH:0
end_of_record
TN:
SF:src/controllers/notifications.ts
FN:8,getNotifications
FN:45,markAllNotificationsAsRead
FN:63,markNotificationAsRead
FNF:3
FNH:0
FNDA:0,getNotifications
FNDA:0,markAllNotificationsAsRead
FNDA:0,markNotificationAsRead
DA:2,0
DA:3,0
DA:4,0
DA:5,0
DA:6,0
DA:8,0
DA:9,0
DA:10,0
DA:12,0
DA:13,0
DA:14,0
DA:17,0
DA:19,0
DA:28,0
DA:40,0
DA:41,0
DA:45,0
DA:46,0
DA:47,0
DA:49,0
DA:50,0
DA:51,0
DA:54,0
DA:56,0
DA:58,0
DA:59,0
DA:63,0
DA:64,0
DA:65,0
DA:67,0
DA:68,0
DA:69,0
DA:72,0
DA:73,0
DA:75,0
DA:76,0
DA:79,0
DA:80,0
DA:82,0
DA:84,0
DA:85,0
LF:41
LH:0
BRDA:13,0,0,0
BRDA:13,0,1,0
BRDA:50,1,0,0
BRDA:50,1,1,0
BRDA:68,2,0,0
BRDA:68,2,1,0
BRDA:75,3,0,0
BRDA:75,3,1,0
BRF:8
BRH:0
end_of_record
TN:
SF:src/controllers/schools.ts
FN:12,getSchools
FN:55,createSchool
FN:94,getSchoolById
FN:127,updateSchool
FN:163,getSchoolsForUser
FN:186,getSchoolStatus
FNF:6
FNH:0
FNDA:0,getSchools
FNDA:0,createSchool
FNDA:0,getSchoolById
FNDA:0,updateSchool
FNDA:0,getSchoolsForUser
FNDA:0,getSchoolStatus
DA:2,0
DA:3,0
DA:4,0
DA:5,0
DA:6,0
DA:7,0
DA:8,0
DA:9,0
DA:12,0
DA:13,0
DA:14,0
DA:16,0
DA:17,0
DA:18,0
DA:21,0
DA:22,0
DA:23,0
DA:26,0
DA:27,0
DA:32,0
DA:35,0
DA:36,0
DA:38,0
DA:41,0
DA:50,0
DA:51,0
DA:55,0
DA:56,0
DA:57,0
DA:59,0
DA:60,0
DA:62,0
DA:63,0
DA:66,0
DA:67,0
DA:78,0
DA:83,0
DA:84,0
DA:86,0
DA:89,0
DA:90,0
DA:94,0
DA:95,0
DA:96,0
DA:98,0
DA:99,0
DA:100,0
DA:103,0
DA:104,0
DA:105,0
DA:108,0
DA:109,0
DA:111,0
DA:112,0
DA:115,0
DA:116,0
DA:117,0
DA:120,0
DA:122,0
DA:123,0
DA:127,0
DA:128,0
DA:129,0
DA:131,0
DA:132,0
DA:133,0
DA:136,0
DA:137,0
DA:138,0
DA:141,0
DA:142,0
DA:144,0
DA:145,0
DA:147,0
DA:152,0
DA:153,0
DA:155,0
DA:158,0
DA:159,0
DA:163,0
DA:164,0
DA:165,0
DA:167,0
DA:168,0
DA:169,0
DA:172,0
DA:173,0
DA:174,0
DA:177,0
DA:179,0
DA:181,0
DA:182,0
DA:186,0
DA:187,0
DA:188,0
DA:190,0
DA:191,0
DA:192,0
DA:195,0
DA:196,0
DA:197,0
DA:200,0
DA:201,0
DA:204,0
DA:206,0
DA:207,0
DA:210,0
DA:212,0
DA:213,0
LF:109
LH:0
BRDA:17,0,0,0
BRDA:17,0,1,0
BRDA:22,1,0,0
BRDA:22,1,1,0
BRDA:35,2,0,0
BRDA:35,2,1,0
BRDA:62,3,0,0
BRDA:62,3,1,0
BRDA:62,4,0,0
BRDA:62,4,1,0
BRDA:62,4,2,0
BRDA:83,5,0,0
BRDA:83,5,1,0
BRDA:99,6,0,0
BRDA:99,6,1,0
BRDA:104,7,0,0
BRDA:104,7,1,0
BRDA:111,8,0,0
BRDA:111,8,1,0
BRDA:116,9,0,0
BRDA:116,9,1,0
BRDA:132,10,0,0
BRDA:132,10,1,0
BRDA:137,11,0,0
BRDA:137,11,1,0
BRDA:152,12,0,0
BRDA:152,12,1,0
BRDA:168,13,0,0
BRDA:168,13,1,0
BRDA:173,14,0,0
BRDA:173,14,1,0
BRDA:191,15,0,0
BRDA:191,15,1,0
BRDA:196,16,0,0
BRDA:196,16,1,0
BRDA:200,17,0,0
BRDA:200,17,1,0
BRDA:206,18,0,0
BRDA:206,18,1,0
BRF:39
BRH:0
end_of_record
TN:
SF:src/controllers/stats.ts
FN:59,toObjectId
FN:69,addIdToSet
FN:74,toStringSet
FN:76,(anonymous_4)
FN:82,getStats
FN:130,(anonymous_6)
FN:134,(anonymous_7)
FN:163,(anonymous_8)
FN:164,(anonymous_9)
FN:167,(anonymous_10)
FN:202,(anonymous_11)
FN:207,(anonymous_12)
FN:208,(anonymous_13)
FN:211,(anonymous_14)
FN:286,getGlobalStats
FNF:15
FNH:0
FNDA:0,toObjectId
FNDA:0,addIdToSet
FNDA:0,toStringSet
FNDA:0,(anonymous_4)
FNDA:0,getStats
FNDA:0,(anonymous_6)
FNDA:0,(anonymous_7)
FNDA:0,(anonymous_8)
FNDA:0,(anonymous_9)
FNDA:0,(anonymous_10)
FNDA:0,(anonymous_11)
FNDA:0,(anonymous_12)
FNDA:0,(anonymous_13)
FNDA:0,(anonymous_14)
FNDA:0,getGlobalStats
DA:2,0
DA:3,0
DA:4,0
DA:5,0
DA:6,0
DA:7,0
DA:8,0
DA:9,0
DA:10,0
DA:11,0
DA:12,0
DA:14,0
DA:15,0
DA:45,0
DA:52,0
DA:60,0
DA:61,0
DA:62,0
DA:63,0
DA:65,0
DA:70,0
DA:71,0
DA:75,0
DA:76,0
DA:77,0
DA:79,0
DA:82,0
DA:83,0
DA:84,0
DA:86,0
DA:87,0
DA:88,0
DA:91,0
DA:92,0
DA:93,0
DA:96,0
DA:97,0
DA:99,0
DA:100,0
DA:103,0
DA:106,0
DA:107,0
DA:114,0
DA:121,0
DA:124,0
DA:125,0
DA:129,0
DA:130,0
DA:131,0
DA:134,0
DA:136,0
DA:137,0
DA:140,0
DA:146,0
DA:153,0
DA:156,0
DA:157,0
DA:159,0
DA:160,0
DA:161,0
DA:163,0
DA:164,0
DA:165,0
DA:167,0
DA:168,0
DA:170,0
DA:171,0
DA:175,0
DA:177,0
DA:182,0
DA:189,0
DA:196,0
DA:200,0
DA:202,0
DA:203,0
DA:204,0
DA:205,0
DA:207,0
DA:208,0
DA:209,0
DA:211,0
DA:212,0
DA:214,0
DA:215,0
DA:219,0
DA:221,0
DA:226,0
DA:227,0
DA:228,0
DA:231,0
DA:232,0
DA:233,0
DA:235,0
DA:236,0
DA:238,0
DA:245,0
DA:255,0
DA:259,0
DA:260,0
DA:262,0
DA:269,0
DA:276,0
DA:277,0
DA:279,0
DA:281,0
DA:282,0
DA:286,0
DA:287,0
DA:288,0
DA:290,0
DA:291,0
DA:292,0
DA:295,0
DA:296,0
DA:297,0
DA:300,0
DA:301,0
DA:304,0
DA:305,0
DA:307,0
DA:308,0
DA:321,0
DA:336,0
DA:348,0
DA:350,0
DA:352,0
DA:353,0
LF:127
LH:0
BRDA:60,0,0,0
BRDA:60,0,1,0
BRDA:61,1,0,0
BRDA:61,1,1,0
BRDA:70,2,0,0
BRDA:70,2,1,0
BRDA:71,3,0,0
BRDA:71,3,1,0
BRDA:87,4,0,0
BRDA:87,4,1,0
BRDA:92,5,0,0
BRDA:92,5,1,0
BRDA:99,6,0,0
BRDA:99,6,1,0
BRDA:106,7,0,0
BRDA:106,7,1,0
BRDA:124,8,0,0
BRDA:124,8,1,0
BRDA:136,9,0,0
BRDA:136,9,1,0
BRDA:156,10,0,0
BRDA:156,10,1,0
BRDA:170,11,0,0
BRDA:170,11,1,0
BRDA:184,12,0,0
BRDA:184,12,1,0
BRDA:184,13,0,0
BRDA:184,13,1,0
BRDA:214,14,0,0
BRDA:214,14,1,0
BRDA:227,15,0,0
BRDA:227,15,1,0
BRDA:232,16,0,0
BRDA:232,16,1,0
BRDA:255,17,0,0
BRDA:255,17,1,0
BRDA:255,18,0,0
BRDA:255,18,1,0
BRDA:264,19,0,0
BRDA:264,19,1,0
BRDA:264,20,0,0
BRDA:264,20,1,0
BRDA:265,21,0,0
BRDA:265,21,1,0
BRDA:291,22,0,0
BRDA:291,22,1,0
BRDA:296,23,0,0
BRDA:296,23,1,0
BRDA:300,24,0,0
BRDA:300,24,1,0
BRDA:307,25,0,0
BRDA:307,25,1,0
BRF:52
BRH:0
end_of_record
TN:
SF:src/controllers/students.ts
FN:11,getStudentInvitations
FN:44,(anonymous_11)
FN:68,inviteStudent
FN:190,acceptStudentInvitation
FN:232,(anonymous_14)
FN:280,generateStudentId
FN:301,getStudentInvitation
FN:367,bulkInviteStudents
FN:400,(anonymous_18)
FN:402,(anonymous_19)
FN:406,(anonymous_20)
FN:458,(anonymous_21)
FNF:12
FNH:0
FNDA:0,getStudentInvitations
FNDA:0,(anonymous_11)
FNDA:0,inviteStudent
FNDA:0,acceptStudentInvitation
FNDA:0,(anonymous_14)
FNDA:0,generateStudentId
FNDA:0,getStudentInvitation
FNDA:0,bulkInviteStudents
FNDA:0,(anonymous_18)
FNDA:0,(anonymous_19)
FNDA:0,(anonymous_20)
FNDA:0,(anonymous_21)
DA:2,0
DA:3,0
DA:4,0
DA:5,0
DA:6,0
DA:7,0
DA:8,0
DA:11,0
DA:12,0
DA:13,0
DA:16,0
DA:17,0
DA:18,0
DA:21,0
DA:22,0
DA:23,0
DA:27,0
DA:28,0
DA:32,0
DA:33,0
DA:34,0
DA:38,0
DA:43,0
DA:44,0
DA:62,0
DA:63,0
DA:68,0
DA:69,0
DA:70,0
DA:73,0
DA:74,0
DA:75,0
DA:78,0
DA:79,0
DA:80,0
DA:84,0
DA:85,0
DA:88,0
DA:91,0
DA:92,0
DA:96,0
DA:97,0
DA:98,0
DA:102,0
DA:103,0
DA:104,0
DA:108,0
DA:109,0
DA:110,0
DA:111,0
DA:116,0
DA:117,0
DA:118,0
DA:122,0
DA:129,0
DA:130,0
DA:134,0
DA:137,0
DA:138,0
DA:140,0
DA:150,0
DA:153,0
DA:154,0
DA:164,0
DA:166,0
DA:168,0
DA:169,0
DA:172,0
DA:184,0
DA:185,0
DA:190,0
DA:191,0
DA:192,0
DA:194,0
DA:197,0
DA:198,0
DA:202,0
DA:203,0
DA:207,0
DA:212,0
DA:213,0
DA:217,0
DA:219,0
DA:220,0
DA:222,0
DA:226,0
DA:227,0
DA:228,0
DA:232,0
DA:233,0
DA:236,0
DA:239,0
DA:249,0
DA:252,0
DA:258,0
DA:259,0
DA:260,0
DA:262,0
DA:274,0
DA:275,0
DA:281,0
DA:282,0
DA:285,0
DA:291,0
DA:292,0
DA:293,0
DA:294,0
DA:297,0
DA:301,0
DA:302,0
DA:303,0
DA:305,0
DA:308,0
DA:312,0
DA:313,0
DA:317,0
DA:319,0
DA:320,0
DA:321,0
DA:324,0
DA:328,0
DA:329,0
DA:333,0
DA:334,0
DA:335,0
DA:337,0
DA:361,0
DA:362,0
DA:367,0
DA:368,0
DA:369,0
DA:371,0
DA:372,0
DA:373,0
DA:376,0
DA:377,0
DA:378,0
DA:381,0
DA:383,0
DA:384,0
DA:387,0
DA:388,0
DA:389,0
DA:392,0
DA:397,0
DA:400,0
DA:401,0
DA:402,0
DA:405,0
DA:406,0
DA:409,0
DA:410,0
DA:412,0
DA:413,0
DA:414,0
DA:416,0
DA:417,0
DA:418,0
DA:421,0
DA:422,0
DA:423,0
DA:426,0
DA:427,0
DA:428,0
DA:431,0
DA:432,0
DA:433,0
DA:436,0
DA:437,0
DA:438,0
DA:440,0
DA:452,0
DA:453,0
DA:456,0
DA:457,0
DA:458,0
DA:460,0
DA:461,0
DA:470,0
DA:471,0
DA:472,0
DA:474,0
DA:475,0
DA:481,0
DA:487,0
DA:488,0
LF:186
LH:0
BRDA:17,0,0,0
BRDA:17,0,1,0
BRDA:22,1,0,0
BRDA:22,1,1,0
BRDA:27,2,0,0
BRDA:27,2,1,0
BRDA:33,3,0,0
BRDA:33,3,1,0
BRDA:74,4,0,0
BRDA:74,4,1,0
BRDA:79,5,0,0
BRDA:79,5,1,0
BRDA:84,6,0,0
BRDA:84,6,1,0
BRDA:91,7,0,0
BRDA:91,7,1,0
BRDA:91,8,0,0
BRDA:91,8,1,0
BRDA:91,8,2,0
BRDA:97,9,0,0
BRDA:97,9,1,0
BRDA:103,10,0,0
BRDA:103,10,1,0
BRDA:108,11,0,0
BRDA:108,11,1,0
BRDA:110,12,0,0
BRDA:110,12,1,0
BRDA:117,13,0,0
BRDA:117,13,1,0
BRDA:129,14,0,0
BRDA:129,14,1,0
BRDA:166,15,0,0
BRDA:166,15,1,0
BRDA:197,16,0,0
BRDA:197,16,1,0
BRDA:197,17,0,0
BRDA:197,17,1,0
BRDA:202,18,0,0
BRDA:202,18,1,0
BRDA:212,19,0,0
BRDA:212,19,1,0
BRDA:217,20,0,0
BRDA:217,20,1,0
BRDA:227,21,0,0
BRDA:227,21,1,0
BRDA:292,22,0,0
BRDA:292,22,1,0
BRDA:312,23,0,0
BRDA:312,23,1,0
BRDA:317,24,0,0
BRDA:317,24,1,0
BRDA:319,25,0,0
BRDA:319,25,1,0
BRDA:328,26,0,0
BRDA:328,26,1,0
BRDA:372,27,0,0
BRDA:372,27,1,0
BRDA:377,28,0,0
BRDA:377,28,1,0
BRDA:377,29,0,0
BRDA:377,29,1,0
BRDA:383,30,0,0
BRDA:383,30,1,0
BRDA:383,31,0,0
BRDA:383,31,1,0
BRDA:383,31,2,0
BRDA:383,31,3,0
BRDA:388,32,0,0
BRDA:388,32,1,0
BRDA:416,33,0,0
BRDA:416,33,1,0
BRDA:416,34,0,0
BRDA:416,34,1,0
BRDA:417,35,0,0
BRDA:417,35,1,0
BRDA:421,36,0,0
BRDA:421,36,1,0
BRDA:426,37,0,0
BRDA:426,37,1,0
BRDA:431,38,0,0
BRDA:431,38,1,0
BRDA:452,39,0,0
BRDA:452,39,1,0
BRDA:460,40,0,0
BRDA:460,40,1,0
BRDA:471,41,0,0
BRDA:471,41,1,0
BRF:87
BRH:0
end_of_record
TN:
SF:src/controllers/transcripts.ts
FN:13,getTranscripts
FN:60,createTranscript
FN:122,(anonymous_3)
FN:148,getTranscript
FN:182,(anonymous_5)
FN:183,(anonymous_6)
FN:205,updateTranscript
FN:240,(anonymous_8)
FN:260,deleteTranscript
FN:305,exportTranscript
FN:332,(anonymous_11)
FNF:11
FNH:0
FNDA:0,getTranscripts
FNDA:0,createTranscript
FNDA:0,(anonymous_3)
FNDA:0,getTranscript
FNDA:0,(anonymous_5)
FNDA:0,(anonymous_6)
FNDA:0,updateTranscript
FNDA:0,(anonymous_8)
FNDA:0,deleteTranscript
FNDA:0,exportTranscript
FNDA:0,(anonymous_11)
DA:2,0
DA:3,0
DA:4,0
DA:5,0
DA:6,0
DA:7,0
DA:8,0
DA:9,0
DA:13,0
DA:14,0
DA:15,0
DA:17,0
DA:18,0
DA:19,0
DA:22,0
DA:23,0
DA:24,0
DA:27,0
DA:28,0
DA:29,0
DA:31,0
DA:34,0
DA:35,0
DA:36,0
DA:37,0
DA:38,0
DA:39,0
DA:40,0
DA:41,0
DA:43,0
DA:46,0
DA:51,0
DA:54,0
DA:55,0
DA:60,0
DA:61,0
DA:62,0
DA:64,0
DA:65,0
DA:66,0
DA:69,0
DA:70,0
DA:71,0
DA:75,0
DA:76,0
DA:79,0
DA:81,0
DA:82,0
DA:86,0
DA:87,0
DA:88,0
DA:92,0
DA:93,0
DA:94,0
DA:95,0
DA:97,0
DA:98,0
DA:99,0
DA:104,0
DA:106,0
DA:108,0
DA:121,0
DA:122,0
DA:125,0
DA:127,0
DA:130,0
DA:134,0
DA:136,0
DA:142,0
DA:143,0
DA:148,0
DA:149,0
DA:150,0
DA:152,0
DA:153,0
DA:154,0
DA:157,0
DA:158,0
DA:159,0
DA:162,0
DA:164,0
DA:170,0
DA:171,0
DA:175,0
DA:177,0
DA:178,0
DA:179,0
DA:181,0
DA:182,0
DA:183,0
DA:184,0
DA:186,0
DA:187,0
DA:188,0
DA:189,0
DA:192,0
DA:193,0
DA:196,0
DA:199,0
DA:200,0
DA:205,0
DA:206,0
DA:207,0
DA:209,0
DA:210,0
DA:211,0
DA:214,0
DA:215,0
DA:216,0
DA:220,0
DA:221,0
DA:224,0
DA:225,0
DA:227,0
DA:228,0
DA:229,0
DA:233,0
DA:234,0
DA:235,0
DA:240,0
DA:241,0
DA:242,0
DA:246,0
DA:248,0
DA:254,0
DA:255,0
DA:260,0
DA:261,0
DA:262,0
DA:264,0
DA:265,0
DA:266,0
DA:269,0
DA:270,0
DA:271,0
DA:275,0
DA:276,0
DA:279,0
DA:281,0
DA:282,0
DA:283,0
DA:287,0
DA:288,0
DA:289,0
DA:293,0
DA:295,0
DA:300,0
DA:301,0
DA:305,0
DA:306,0
DA:307,0
DA:309,0
DA:310,0
DA:311,0
DA:314,0
DA:315,0
DA:317,0
DA:321,0
DA:322,0
DA:325,0
DA:332,0
DA:345,0
DA:346,0
DA:347,0
DA:348,0
DA:349,0
DA:352,0
DA:353,0
DA:354,0
DA:355,0
DA:358,0
DA:359,0
LF:172
LH:0
BRDA:18,0,0,0
BRDA:18,0,1,0
BRDA:23,1,0,0
BRDA:23,1,1,0
BRDA:27,2,0,0
BRDA:27,2,1,0
BRDA:34,3,0,0
BRDA:34,3,1,0
BRDA:35,4,0,0
BRDA:35,4,1,0
BRDA:36,5,0,0
BRDA:36,5,1,0
BRDA:37,6,0,0
BRDA:37,6,1,0
BRDA:39,7,0,0
BRDA:39,7,1,0
BRDA:40,8,0,0
BRDA:40,8,1,0
BRDA:65,9,0,0
BRDA:65,9,1,0
BRDA:70,10,0,0
BRDA:70,10,1,0
BRDA:75,11,0,0
BRDA:75,11,1,0
BRDA:81,12,0,0
BRDA:81,12,1,0
BRDA:81,13,0,0
BRDA:81,13,1,0
BRDA:87,14,0,0
BRDA:87,14,1,0
BRDA:87,15,0,0
BRDA:87,15,1,0
BRDA:92,16,0,0
BRDA:92,16,1,0
BRDA:94,17,0,0
BRDA:94,17,1,0
BRDA:94,18,0,0
BRDA:94,18,1,0
BRDA:97,19,0,0
BRDA:97,19,1,0
BRDA:98,20,0,0
BRDA:98,20,1,0
BRDA:106,21,0,0
BRDA:106,21,1,0
BRDA:114,22,0,0
BRDA:114,22,1,0
BRDA:125,23,0,0
BRDA:125,23,1,0
BRDA:153,24,0,0
BRDA:153,24,1,0
BRDA:158,25,0,0
BRDA:158,25,1,0
BRDA:170,26,0,0
BRDA:170,26,1,0
BRDA:177,27,0,0
BRDA:177,27,1,0
BRDA:179,28,0,0
BRDA:179,28,1,0
BRDA:186,29,0,0
BRDA:186,29,1,0
BRDA:188,30,0,0
BRDA:188,30,1,0
BRDA:192,31,0,0
BRDA:192,31,1,0
BRDA:210,32,0,0
BRDA:210,32,1,0
BRDA:215,33,0,0
BRDA:215,33,1,0
BRDA:220,34,0,0
BRDA:220,34,1,0
BRDA:228,35,0,0
BRDA:228,35,1,0
BRDA:233,36,0,0
BRDA:233,36,1,0
BRDA:234,37,0,0
BRDA:234,37,1,0
BRDA:241,38,0,0
BRDA:241,38,1,0
BRDA:241,39,0,0
BRDA:241,39,1,0
BRDA:265,40,0,0
BRDA:265,40,1,0
BRDA:270,41,0,0
BRDA:270,41,1,0
BRDA:275,42,0,0
BRDA:275,42,1,0
BRDA:282,43,0,0
BRDA:282,43,1,0
BRDA:287,44,0,0
BRDA:287,44,1,0
BRDA:288,45,0,0
BRDA:288,45,1,0
BRDA:310,46,0,0
BRDA:310,46,1,0
BRDA:315,47,0,0
BRDA:315,47,1,0
BRDA:321,48,0,0
BRDA:321,48,1,0
BRDA:345,49,0,0
BRDA:345,49,1,0
BRF:100
BRH:0
end_of_record
TN:
SF:src/controllers/upload.ts
FN:18,uploadProfileImage
FN:53,uploadCourseMaterial
FN:96,uploadAssessmentMaterial
FN:139,getFileType
FNF:4
FNH:0
FNDA:0,uploadProfileImage
FNDA:0,uploadCourseMaterial
FNDA:0,uploadAssessmentMaterial
FNDA:0,getFileType
DA:2,0
DA:3,0
DA:4,0
DA:5,0
DA:6,0
DA:18,0
DA:19,0
DA:20,0
DA:22,0
DA:23,0
DA:24,0
DA:27,0
DA:28,0
DA:29,0
DA:32,0
DA:38,0
DA:39,0
DA:42,0
DA:48,0
DA:49,0
DA:53,0
DA:54,0
DA:55,0
DA:57,0
DA:58,0
DA:59,0
DA:62,0
DA:63,0
DA:65,0
DA:66,0
DA:69,0
DA:70,0
DA:71,0
DA:74,0
DA:82,0
DA:83,0
DA:84,0
DA:86,0
DA:91,0
DA:92,0
DA:96,0
DA:97,0
DA:98,0
DA:100,0
DA:101,0
DA:102,0
DA:105,0
DA:106,0
DA:108,0
DA:109,0
DA:112,0
DA:113,0
DA:114,0
DA:117,0
DA:125,0
DA:126,0
DA:127,0
DA:129,0
DA:134,0
DA:135,0
DA:140,0
DA:141,0
DA:142,0
LF:63
LH:0
BRDA:23,0,0,0
BRDA:23,0,1,0
BRDA:28,1,0,0
BRDA:28,1,1,0
BRDA:28,2,0,0
BRDA:28,2,1,0
BRDA:38,3,0,0
BRDA:38,3,1,0
BRDA:58,4,0,0
BRDA:58,4,1,0
BRDA:65,5,0,0
BRDA:65,5,1,0
BRDA:65,6,0,0
BRDA:65,6,1,0
BRDA:70,7,0,0
BRDA:70,7,1,0
BRDA:75,8,0,0
BRDA:75,8,1,0
BRDA:75,8,2,0
BRDA:76,9,0,0
BRDA:76,9,1,0
BRDA:78,10,0,0
BRDA:78,10,1,0
BRDA:82,11,0,0
BRDA:82,11,1,0
BRDA:101,12,0,0
BRDA:101,12,1,0
BRDA:108,13,0,0
BRDA:108,13,1,0
BRDA:108,14,0,0
BRDA:108,14,1,0
BRDA:113,15,0,0
BRDA:113,15,1,0
BRDA:118,16,0,0
BRDA:118,16,1,0
BRDA:118,16,2,0
BRDA:119,17,0,0
BRDA:119,17,1,0
BRDA:121,18,0,0
BRDA:121,18,1,0
BRDA:125,19,0,0
BRDA:125,19,1,0
BRDA:140,20,0,0
BRDA:140,20,1,0
BRDA:141,21,0,0
BRDA:141,21,1,0
BRF:46
BRH:0
end_of_record
TN:
SF:src/controllers/users.ts
FN:7,getUser
FN:25,updateUser
FNF:2
FNH:0
FNDA:0,getUser
FNDA:0,updateUser
DA:2,0
DA:3,0
DA:4,0
DA:5,0
DA:7,0
DA:8,0
DA:9,0
DA:11,0
DA:12,0
DA:14,0
DA:15,0
DA:18,0
DA:20,0
DA:21,0
DA:25,0
DA:26,0
DA:27,0
DA:29,0
DA:30,0
DA:31,0
DA:34,0
DA:35,0
DA:37,0
DA:38,0
DA:39,0
DA:42,0
DA:43,0
DA:44,0
DA:47,0
DA:48,0
DA:51,0
DA:52,0
DA:53,0
DA:55,0
DA:56,0
DA:59,0
DA:60,0
DA:61,0
DA:62,0
DA:66,0
DA:68,0
DA:69,0
DA:72,0
DA:77,0
DA:78,0
LF:45
LH:0
BRDA:14,0,0,0
BRDA:14,0,1,0
BRDA:30,1,0,0
BRDA:30,1,1,0
BRDA:38,2,0,0
BRDA:38,2,1,0
BRDA:44,3,0,0
BRDA:44,3,1,0
BRDA:47,4,0,0
BRDA:47,4,1,0
BRDA:47,5,0,0
BRDA:47,5,1,0
BRDA:47,5,2,0
BRDA:52,6,0,0
BRDA:52,6,1,0
BRDA:52,7,0,0
BRDA:52,7,1,0
BRDA:55,8,0,0
BRDA:55,8,1,0
BRDA:61,9,0,0
BRDA:61,9,1,0
BRDA:68,10,0,0
BRDA:68,10,1,0
BRF:23
BRH:0
end_of_record
TN:
SF:src/controllers/webhooks.ts
FN:4,getWebhooks
FN:9,(anonymous_1)
FN:27,createWebhook
FN:35,(anonymous_3)
FN:71,updateWebhook
FN:77,(anonymous_5)
FN:102,deleteWebhook
FN:118,regenerateWebhookSecret
FN:134,getWebhookEvents
FNF:9
FNH:0
FNDA:0,getWebhooks
FNDA:0,(anonymous_1)
FNDA:0,createWebhook
FNDA:0,(anonymous_3)
FNDA:0,updateWebhook
FNDA:0,(anonymous_5)
FNDA:0,deleteWebhook
FNDA:0,regenerateWebhookSecret
FNDA:0,getWebhookEvents
DA:2,0
DA:4,0
DA:5,0
DA:6,0
DA:7,0
DA:9,0
DA:20,0
DA:22,0
DA:23,0
DA:27,0
DA:28,0
DA:29,0
DA:31,0
DA:32,0
DA:35,0
DA:36,0
DA:37,0
DA:43,0
DA:44,0
DA:46,0
DA:47,0
DA:50,0
DA:56,0
DA:66,0
DA:67,0
DA:71,0
DA:72,0
DA:73,0
DA:74,0
DA:76,0
DA:77,0
DA:78,0
DA:79,0
DA:85,0
DA:91,0
DA:92,0
DA:95,0
DA:97,0
DA:98,0
DA:102,0
DA:103,0
DA:104,0
DA:105,0
DA:107,0
DA:108,0
DA:111,0
DA:113,0
DA:114,0
DA:118,0
DA:119,0
DA:120,0
DA:121,0
DA:123,0
DA:124,0
DA:127,0
DA:129,0
DA:130,0
DA:134,0
DA:135,0
LF:59
LH:0
BRDA:31,0,0,0
BRDA:31,0,1,0
BRDA:31,1,0,0
BRDA:31,1,1,0
BRDA:31,1,2,0
BRDA:36,2,0,0
BRDA:36,2,1,0
BRDA:44,3,0,0
BRDA:44,3,1,0
BRDA:46,4,0,0
BRDA:46,4,1,0
BRDA:76,5,0,0
BRDA:76,5,1,0
BRDA:78,6,0,0
BRDA:78,6,1,0
BRDA:91,7,0,0
BRDA:91,7,1,0
BRDA:107,8,0,0
BRDA:107,8,1,0
BRDA:123,9,0,0
BRDA:123,9,1,0
BRF:21
BRH:0
end_of_record
TN:
SF:src/lib/apiResponse.ts
FN:30,(anonymous_0)
FN:40,sendSuccess
FN:48,sendPaginated
FN:63,sendError
FN:76,sendCreated
FN:84,sendNoContent
FN:88,sendMessage
FN:95,sendUnauthorized
FN:99,sendForbidden
FN:103,sendNotFound
FN:107,sendConflict
FN:111,sendValidationError
FNF:12
FNH:12
FNDA:3,(anonymous_0)
FNDA:3,sendSuccess
FNDA:2,sendPaginated
FNDA:8,sendError
FNDA:2,sendCreated
FNDA:1,sendNoContent
FNDA:2,sendMessage
FNDA:2,sendUnauthorized
FNDA:1,sendForbidden
FNDA:1,sendNotFound
FNDA:2,sendConflict
FNDA:2,sendValidationError
DA:29,1
DA:32,3
DA:33,3
DA:35,3
DA:36,3
DA:40,1
DA:41,3
DA:48,1
DA:54,2
DA:63,1
DA:69,8
DA:76,1
DA:77,2
DA:84,1
DA:85,1
DA:88,1
DA:89,2
DA:95,1
DA:96,2
DA:99,1
DA:100,1
DA:103,1
DA:104,1
DA:107,1
DA:108,2
DA:111,1
DA:116,2
LF:27
LH:27
BRDA:32,0,0,1
BRDA:40,1,0,2
BRDA:44,2,0,3
BRDA:44,2,1,1
BRDA:52,3,0,1
BRDA:66,4,0,1
BRDA:80,5,0,2
BRDA:80,5,1,1
BRDA:88,6,0,1
BRDA:95,7,0,1
BRDA:99,8,0,1
BRDA:103,9,0,1
BRDA:107,10,0,1
BRDA:114,11,0,1
BRF:14
BRH:14
end_of_record
TN:
SF:src/lib/auditLogger.ts
FN:15,createAuditLog
FN:33,extractRequestInfo
FN:44,logUserAction
FNF:3
FNH:0
FNDA:0,createAuditLog
FNDA:0,extractRequestInfo
FNDA:0,logUserAction
DA:1,0
DA:15,0
DA:16,0
DA:17,0
DA:29,0
DA:33,0
DA:34,0
DA:39,0
DA:41,0
DA:44,0
DA:53,0
DA:55,0
LF:12
LH:0
BRDA:34,0,0,0
BRDA:34,0,1,0
BRDA:34,0,2,0
BRDA:34,0,3,0
BRDA:39,1,0,0
BRDA:39,1,1,0
BRF:6
BRH:0
end_of_record
TN:
SF:src/lib/auth.ts
FN:11,jwtAuthMiddleware
FN:49,optionalAuthMiddleware
FN:65,getUserFromRequest
FNF:3
FNH:0
FNDA:0,jwtAuthMiddleware
FNDA:0,optionalAuthMiddleware
FNDA:0,getUserFromRequest
DA:2,0
DA:3,0
DA:9,0
DA:11,0
DA:12,0
DA:13,0
DA:15,0
DA:16,0
DA:17,0
DA:18,0
DA:19,0
DA:21,0
DA:26,0
DA:27,0
DA:28,0
DA:29,0
DA:30,0
DA:31,0
DA:39,0
DA:42,0
DA:46,0
DA:49,0
DA:50,0
DA:51,0
DA:53,0
DA:54,0
DA:55,0
DA:56,0
DA:62,0
DA:65,0
DA:66,0
DA:67,0
DA:69,0
LF:33
LH:0
BRDA:13,0,0,0
BRDA:13,0,1,0
BRDA:15,1,0,0
BRDA:15,1,1,0
BRDA:27,2,0,0
BRDA:27,2,1,0
BRDA:30,3,0,0
BRDA:30,3,1,0
BRDA:37,4,0,0
BRDA:37,4,1,0
BRDA:51,5,0,0
BRDA:51,5,1,0
BRDA:53,6,0,0
BRDA:53,6,1,0
BRDA:66,7,0,0
BRDA:66,7,1,0
BRF:16
BRH:0
end_of_record
TN:
SF:src/lib/authResponse.ts
FN:13,formatAuthResponse
FN:22,formatLoginErrorResponse
FN:37,formatLogoutResponse
FN:44,formatRegisterResponse
FN:51,formatRefreshResponse
FNF:5
FNH:0
FNDA:0,formatAuthResponse
FNDA:0,formatLoginErrorResponse
FNDA:0,formatLogoutResponse
FNDA:0,formatRegisterResponse
FNDA:0,formatRefreshResponse
DA:13,0
DA:14,0
DA:22,0
DA:29,0
DA:37,0
DA:38,0
DA:44,0
DA:45,0
DA:51,0
DA:52,0
LF:10
LH:0
BRDA:26,0,0,0
BRF:1
BRH:0
end_of_record
TN:
SF:src/lib/authorization.ts
FN:10,authenticate
FN:29,authorize
FN:30,(anonymous_2)
FN:45,requirePermission
FN:46,(anonymous_4)
FN:61,requireAnyPermission
FN:62,(anonymous_6)
FN:77,requireAllPermissions
FN:78,(anonymous_8)
FN:93,requireSystemAdmin
FN:94,(anonymous_10)
FN:109,requireSchoolAdmin
FN:110,(anonymous_12)
FN:125,requireSchoolStaff
FN:126,(anonymous_14)
FN:141,requireSchoolApproved
FN:142,(anonymous_16)
FN:167,optionalAuth
FN:183,requireSchoolAccess
FN:184,(anonymous_19)
FNF:20
FNH:14
FNDA:4,authenticate
FNDA:3,authorize
FNDA:3,(anonymous_2)
FNDA:2,requirePermission
FNDA:2,(anonymous_4)
FNDA:0,requireAnyPermission
FNDA:0,(anonymous_6)
FNDA:0,requireAllPermissions
FNDA:0,(anonymous_8)
FNDA:2,requireSystemAdmin
FNDA:2,(anonymous_10)
FNDA:2,requireSchoolAdmin
FNDA:2,(anonymous_12)
FNDA:2,requireSchoolStaff
FNDA:2,(anonymous_14)
FNDA:3,requireSchoolApproved
FNDA:3,(anonymous_16)
FNDA:3,optionalAuth
FNDA:0,requireSchoolAccess
FNDA:0,(anonymous_19)
DA:2,1
DA:3,1
DA:10,1
DA:11,4
DA:13,4
DA:14,2
DA:15,2
DA:18,2
DA:20,2
DA:21,2
DA:22,1
DA:23,1
DA:25,1
DA:29,1
DA:30,3
DA:31,3
DA:32,1
DA:33,1
DA:36,2
DA:37,1
DA:38,1
DA:41,1
DA:45,1
DA:46,2
DA:47,2
DA:48,0
DA:49,0
DA:52,2
DA:53,1
DA:54,1
DA:57,1
DA:61,1
DA:62,0
DA:63,0
DA:64,0
DA:65,0
DA:68,0
DA:69,0
DA:70,0
DA:73,0
DA:77,1
DA:78,0
DA:79,0
DA:80,0
DA:81,0
DA:84,0
DA:85,0
DA:86,0
DA:89,0
DA:93,1
DA:94,2
DA:95,2
DA:96,0
DA:97,0
DA:100,2
DA:101,1
DA:102,1
DA:105,1
DA:109,1
DA:110,2
DA:111,2
DA:112,0
DA:113,0
DA:116,2
DA:117,1
DA:118,1
DA:121,1
DA:125,1
DA:126,2
DA:127,2
DA:128,0
DA:129,0
DA:132,2
DA:133,1
DA:134,1
DA:137,1
DA:141,1
DA:142,3
DA:143,3
DA:144,0
DA:145,0
DA:148,3
DA:149,1
DA:150,1
DA:153,2
DA:154,1
DA:155,1
DA:158,1
DA:159,1
DA:160,1
DA:163,0
DA:167,1
DA:168,3
DA:170,3
DA:171,2
DA:172,2
DA:173,2
DA:174,1
DA:180,3
DA:183,1
DA:184,0
DA:185,0
DA:186,0
DA:187,0
DA:190,0
DA:191,0
DA:192,0
DA:195,0
DA:196,0
DA:197,0
DA:200,0
LF:111
LH:73
BRDA:13,0,0,2
BRDA:13,0,1,2
BRDA:13,1,0,4
BRDA:13,1,1,3
BRDA:31,2,0,1
BRDA:31,2,1,2
BRDA:36,3,0,1
BRDA:36,3,1,1
BRDA:36,4,0,2
BRDA:36,4,1,2
BRDA:47,5,0,0
BRDA:47,5,1,2
BRDA:52,6,0,1
BRDA:52,6,1,1
BRDA:63,7,0,0
BRDA:63,7,1,0
BRDA:68,8,0,0
BRDA:68,8,1,0
BRDA:79,9,0,0
BRDA:79,9,1,0
BRDA:84,10,0,0
BRDA:84,10,1,0
BRDA:95,11,0,0
BRDA:95,11,1,2
BRDA:100,12,0,1
BRDA:100,12,1,1
BRDA:111,13,0,0
BRDA:111,13,1,2
BRDA:116,14,0,1
BRDA:116,14,1,1
BRDA:127,15,0,0
BRDA:127,15,1,2
BRDA:132,16,0,1
BRDA:132,16,1,1
BRDA:143,17,0,0
BRDA:143,17,1,3
BRDA:148,18,0,1
BRDA:148,18,1,2
BRDA:153,19,0,1
BRDA:153,19,1,1
BRDA:158,20,0,1
BRDA:158,20,1,0
BRDA:170,21,0,2
BRDA:170,21,1,1
BRDA:183,22,0,0
BRDA:185,23,0,0
BRDA:185,23,1,0
BRDA:190,24,0,0
BRDA:190,24,1,0
BRDA:190,25,0,0
BRDA:190,25,1,0
BRDA:195,26,0,0
BRDA:195,26,1,0
BRDA:195,27,0,0
BRDA:195,27,1,0
BRF:55
BRH:30
end_of_record
TN:
SF:src/lib/cache.ts
FN:10,getFromCache
FN:28,setToCache
FN:43,deleteFromCache
FN:56,deletePatternFromCache
FN:72,buildCacheKey
FN:76,cacheWithInvalidation
FNF:6
FNH:0
FNDA:0,getFromCache
FNDA:0,setToCache
FNDA:0,deleteFromCache
FNDA:0,deletePatternFromCache
FNDA:0,buildCacheKey
FNDA:0,cacheWithInvalidation
DA:1,0
DA:3,0
DA:10,0
DA:11,0
DA:12,0
DA:13,0
DA:16,0
DA:17,0
DA:18,0
DA:19,0
DA:21,0
DA:23,0
DA:24,0
DA:28,0
DA:29,0
DA:30,0
DA:31,0
DA:34,0
DA:36,0
DA:37,0
DA:39,0
DA:43,0
DA:44,0
DA:45,0
DA:46,0
DA:49,0
DA:50,0
DA:52,0
DA:56,0
DA:57,0
DA:58,0
DA:59,0
DA:62,0
DA:63,0
DA:64,0
DA:65,0
DA:68,0
DA:72,0
DA:73,0
DA:76,0
DA:81,0
DA:82,0
DA:83,0
DA:86,0
DA:87,0
DA:88,0
LF:46
LH:0
BRDA:12,0,0,0
BRDA:12,0,1,0
BRDA:18,1,0,0
BRDA:18,1,1,0
BRDA:28,2,0,0
BRDA:30,3,0,0
BRDA:30,3,1,0
BRDA:34,4,0,0
BRDA:34,4,1,0
BRDA:45,5,0,0
BRDA:45,5,1,0
BRDA:58,6,0,0
BRDA:58,6,1,0
BRDA:64,7,0,0
BRDA:64,7,1,0
BRDA:79,8,0,0
BRDA:82,9,0,0
BRDA:82,9,1,0
BRF:18
BRH:0
end_of_record
TN:
SF:src/lib/cloudinary.ts
FN:3,getCloudinaryConfig
FN:11,initCloudinary
FN:28,getCloudinary
FNF:3
FNH:0
FNDA:0,getCloudinaryConfig
FNDA:0,initCloudinary
FNDA:0,getCloudinary
DA:1,0
DA:3,0
DA:4,0
DA:11,0
DA:12,0
DA:14,0
DA:15,0
DA:20,0
DA:22,0
DA:25,0
DA:28,0
DA:29,0
DA:32,0
LF:13
LH:0
BRDA:5,0,0,0
BRDA:5,0,1,0
BRDA:6,1,0,0
BRDA:6,1,1,0
BRDA:7,2,0,0
BRDA:7,2,1,0
BRDA:14,3,0,0
BRDA:14,3,1,0
BRDA:14,4,0,0
BRDA:14,4,1,0
BRDA:14,4,2,0
BRF:11
BRH:0
end_of_record
TN:
SF:src/lib/csrf.ts
FN:6,generateCsrfToken
FN:18,verifyCsrfToken
FN:47,extractCsrfToken
FNF:3
FNH:0
FNDA:0,generateCsrfToken
FNDA:0,verifyCsrfToken
FNDA:0,extractCsrfToken
DA:1,0
DA:3,0
DA:4,0
DA:6,0
DA:7,0
DA:8,0
DA:9,0
DA:14,0
DA:15,0
DA:18,0
DA:19,0
DA:21,0
DA:22,0
DA:24,0
DA:25,0
DA:30,0
DA:31,0
DA:32,0
DA:35,0
DA:38,0
DA:39,0
DA:40,0
DA:41,0
DA:44,0
DA:47,0
DA:48,0
DA:49,0
DA:50,0
DA:53,0
DA:54,0
DA:55,0
DA:58,0
LF:32
LH:0
BRDA:3,0,0,0
BRDA:3,0,1,0
BRDA:3,0,2,0
BRDA:18,1,0,0
BRDA:19,2,0,0
BRDA:19,2,1,0
BRDA:22,3,0,0
BRDA:22,3,1,0
BRDA:31,4,0,0
BRDA:31,4,1,0
BRDA:40,5,0,0
BRDA:40,5,1,0
BRDA:49,6,0,0
BRDA:49,6,1,0
BRDA:49,7,0,0
BRDA:49,7,1,0
BRDA:54,8,0,0
BRDA:54,8,1,0
BRDA:54,9,0,0
BRDA:54,9,1,0
BRF:20
BRH:0
end_of_record
TN:
SF:src/lib/email.ts
FN:42,sendEmail
FN:70,generateStudentInvitationEmail
FN:254,generatePasswordResetEmail
FN:312,generateMentorInvitationEmail
FN:538,generateGradeNotificationEmail
FN:590,generateAssessmentNotificationEmail
FN:635,generateWelcomeEmail
FNF:7
FNH:0
FNDA:0,sendEmail
FNDA:0,generateStudentInvitationEmail
FNDA:0,generatePasswordResetEmail
FNDA:0,generateMentorInvitationEmail
FNDA:0,generateGradeNotificationEmail
FNDA:0,generateAssessmentNotificationEmail
FNDA:0,generateWelcomeEmail
DA:1,0
DA:4,0
DA:7,0
DA:8,0
DA:42,0
DA:43,0
DA:44,0
DA:46,0
DA:51,0
DA:56,0
DA:57,0
DA:59,0
DA:60,0
DA:63,0
DA:64,0
DA:66,0
DA:70,0
DA:71,0
DA:72,0
DA:74,0
DA:224,0
DA:245,0
DA:254,0
DA:255,0
DA:256,0
DA:257,0
DA:259,0
DA:301,0
DA:303,0
DA:312,0
DA:313,0
DA:314,0
DA:316,0
DA:491,0
DA:519,0
DA:538,0
DA:539,0
DA:574,0
DA:590,0
DA:591,0
DA:621,0
DA:635,0
DA:636,0
DA:669,0
LF:44
LH:0
BRDA:7,0,0,0
BRDA:7,0,1,0
BRDA:47,1,0,0
BRDA:47,1,1,0
BRDA:48,2,0,0
BRDA:48,2,1,0
BRDA:53,3,0,0
BRDA:53,3,1,0
BRDA:59,4,0,0
BRDA:59,4,1,0
BRDA:71,5,0,0
BRDA:71,5,1,0
BRDA:255,6,0,0
BRDA:255,6,1,0
BRDA:257,7,0,0
BRDA:257,7,1,0
BRDA:313,8,0,0
BRDA:313,8,1,0
BRF:18
BRH:0
end_of_record
TN:
SF:src/lib/env.ts
FN:4,(anonymous_0)
FN:26,validateEnvironment
FN:53,(anonymous_2)
FN:61,getEnv
FN:68,isProduction
FN:72,isDevelopment
FNF:6
FNH:0
FNDA:0,(anonymous_0)
FNDA:0,validateEnvironment
FNDA:0,(anonymous_2)
FNDA:0,getEnv
FNDA:0,isProduction
FNDA:0,isDevelopment
DA:1,0
DA:3,0
DA:4,0
DA:24,0
DA:26,0
DA:27,0
DA:28,0
DA:31,0
DA:50,0
DA:52,0
DA:53,0
DA:54,0
DA:57,0
DA:58,0
DA:61,0
DA:62,0
DA:63,0
DA:65,0
DA:68,0
DA:69,0
DA:72,0
DA:73,0
LF:22
LH:0
BRDA:4,0,0,0
BRDA:4,0,1,0
BRDA:27,1,0,0
BRDA:27,1,1,0
BRDA:52,2,0,0
BRDA:52,2,1,0
BRDA:62,3,0,0
BRDA:62,3,1,0
BRF:8
BRH:0
end_of_record
TN:
SF:src/lib/errors.ts
FN:2,(anonymous_0)
FN:13,(anonymous_1)
FN:20,(anonymous_2)
FN:27,(anonymous_3)
FN:34,(anonymous_4)
FN:41,(anonymous_5)
FN:48,(anonymous_6)
FNF:7
FNH:0
FNDA:0,(anonymous_0)
FNDA:0,(anonymous_1)
FNDA:0,(anonymous_2)
FNDA:0,(anonymous_3)
FNDA:0,(anonymous_4)
FNDA:0,(anonymous_5)
FNDA:0,(anonymous_6)
DA:1,0
DA:3,0
DA:4,0
DA:5,0
DA:7,0
DA:8,0
DA:12,0
DA:13,0
DA:14,0
DA:15,0
DA:19,0
DA:21,0
DA:22,0
DA:26,0
DA:28,0
DA:29,0
DA:33,0
DA:35,0
DA:36,0
DA:40,0
DA:42,0
DA:43,0
DA:47,0
DA:49,0
DA:50,0
LF:25
LH:0
BRDA:4,0,0,0
BRDA:20,1,0,0
BRDA:27,2,0,0
BRDA:34,3,0,0
BRDA:48,4,0,0
BRF:5
BRH:0
end_of_record
TN:
SF:src/lib/fieldUtils.ts
FN:1,whitelistFields
FN:16,removeSensitiveFields
FNF:2
FNH:0
FNDA:0,whitelistFields
FNDA:0,removeSensitiveFields
DA:1,0
DA:5,0
DA:7,0
DA:8,0
DA:9,0
DA:13,0
DA:16,0
DA:20,0
DA:22,0
DA:23,0
DA:26,0
LF:11
LH:0
BRDA:8,0,0,0
BRDA:8,0,1,0
BRDA:8,1,0,0
BRDA:8,1,1,0
BRDA:18,2,0,0
BRF:5
BRH:0
end_of_record
TN:
SF:src/lib/jwt.ts
FN:4,(anonymous_1)
FN:15,(anonymous_2)
FN:48,generateAccessToken
FN:56,generateRefreshToken
FN:76,verifyAccessToken
FN:82,verifyRefreshToken
FN:88,decodeToken
FN:96,isTokenExpired
FNF:8
FNH:6
FNDA:1,(anonymous_1)
FNDA:1,(anonymous_2)
FNDA:2,generateAccessToken
FNDA:2,generateRefreshToken
FNDA:2,verifyAccessToken
FNDA:2,verifyRefreshToken
FNDA:0,decodeToken
FNDA:0,isTokenExpired
DA:1,1
DA:2,1
DA:4,1
DA:5,1
DA:6,1
DA:7,1
DA:8,0
DA:10,1
DA:12,0
DA:15,1
DA:16,1
DA:17,1
DA:18,1
DA:19,0
DA:21,1
DA:23,0
DA:26,1
DA:27,1
DA:28,1
DA:29,1
DA:48,1
DA:49,2
DA:56,1
DA:57,2
DA:64,2
DA:65,2
DA:67,2
DA:76,1
DA:77,2
DA:82,1
DA:83,2
DA:88,1
DA:89,0
DA:90,0
DA:92,0
DA:96,1
DA:97,0
DA:98,0
DA:99,0
DA:100,0
DA:102,0
LF:41
LH:29
BRDA:6,0,0,1
BRDA:6,0,1,0
BRDA:7,1,0,0
BRDA:7,1,1,1
BRDA:17,2,0,1
BRDA:17,2,1,0
BRDA:18,3,0,0
BRDA:18,3,1,1
BRDA:99,4,0,0
BRDA:99,4,1,0
BRF:10
BRH:4
end_of_record
TN:
SF:src/lib/mongodb.ts
FN:22,connectDB
FN:36,(anonymous_2)
FN:55,withTransaction
FN:69,(anonymous_4)
FN:83,withRetry
FN:97,(anonymous_6)
FNF:6
FNH:0
FNDA:0,connectDB
FNDA:0,(anonymous_2)
FNDA:0,withTransaction
FNDA:0,(anonymous_4)
FNDA:0,withRetry
FNDA:0,(anonymous_6)
DA:1,0
DA:3,0
DA:5,0
DA:6,0
DA:16,0
DA:18,0
DA:19,0
DA:23,0
DA:24,0
DA:27,0
DA:28,0
DA:32,0
DA:33,0
DA:36,0
DA:37,0
DA:41,0
DA:42,0
DA:43,0
DA:46,0
DA:47,0
DA:49,0
DA:52,0
DA:55,0
DA:58,0
DA:60,0
DA:61,0
DA:64,0
DA:66,0
DA:69,0
DA:70,0
DA:77,0
DA:79,0
DA:83,0
DA:90,0
DA:91,0
DA:92,0
DA:94,0
DA:96,0
DA:97,0
DA:102,0
DA:105,0
LF:41
LH:0
BRDA:3,0,0,0
BRDA:3,0,1,0
BRDA:5,1,0,0
BRDA:5,1,1,0
BRDA:18,2,0,0
BRDA:18,2,1,0
BRDA:23,3,0,0
BRDA:23,3,1,0
BRDA:27,4,0,0
BRDA:27,4,1,0
BRDA:32,5,0,0
BRDA:32,5,1,0
BRDA:42,6,0,0
BRDA:42,6,1,0
BRDA:46,7,0,0
BRDA:46,7,1,0
BRDA:60,8,0,0
BRDA:60,8,1,0
BRDA:85,9,0,0
BRDA:86,10,0,0
BRDA:96,11,0,0
BRDA:96,11,1,0
BRF:22
BRH:0
end_of_record
TN:
SF:src/lib/pagination.ts
FN:17,getPaginationParams
FN:38,buildPagination
FN:59,paginateQuery
FN:74,buildPaginationMeta
FNF:4
FNH:3
FNDA:10,getPaginationParams
FNDA:7,buildPagination
FNDA:0,paginateQuery
FNDA:4,buildPaginationMeta
DA:17,1
DA:25,10
DA:27,10
DA:28,10
DA:30,10
DA:31,10
DA:33,10
DA:35,10
DA:38,1
DA:44,7
DA:46,7
DA:59,1
DA:64,0
DA:66,0
DA:71,0
DA:74,1
DA:75,4
DA:76,4
LF:18
LH:15
BRDA:17,0,0,1
BRDA:23,1,0,2
BRDA:24,2,0,1
BRDA:27,3,0,10
BRDA:27,3,1,4
BRDA:28,4,0,10
BRDA:28,4,1,4
BRDA:62,5,0,0
BRF:8
BRH:7
end_of_record
TN:
SF:src/lib/permissions.ts
FN:97,hasPermission
FN:101,hasAnyPermission
FN:102,(anonymous_2)
FN:105,hasAllPermissions
FN:106,(anonymous_4)
FN:109,canInviteRole
FN:113,canManageRole
FN:121,canDeleteUser
FN:125,canRequestDelete
FN:129,canApproveDelete
FN:133,canApproveSchool
FN:137,canRequestSchool
FN:141,isSystemAdmin
FN:145,isSchoolAdmin
FN:149,isSchoolStaff
FN:153,canViewAllGrades
FN:158,canViewOwnGradesOnly
FNF:17
FNH:17
FNDA:60,hasPermission
FNDA:8,hasAnyPermission
FNDA:11,(anonymous_2)
FNDA:12,hasAllPermissions
FNDA:24,(anonymous_4)
FNDA:5,canInviteRole
FNDA:8,canManageRole
FNDA:4,canDeleteUser
FNDA:2,canRequestDelete
FNDA:2,canApproveDelete
FNDA:2,canApproveSchool
FNDA:3,canRequestSchool
FNDA:6,isSystemAdmin
FNDA:6,isSchoolAdmin
FNDA:9,isSchoolStaff
FNDA:5,canViewAllGrades
FNDA:5,canViewOwnGradesOnly
DA:3,2
DA:34,2
DA:97,2
DA:98,60
DA:101,2
DA:102,11
DA:105,2
DA:106,24
DA:109,2
DA:110,5
DA:113,2
DA:114,8
DA:115,5
DA:116,4
DA:118,1
DA:121,2
DA:122,4
DA:125,2
DA:126,2
DA:129,2
DA:130,2
DA:133,2
DA:134,2
DA:137,2
DA:138,3
DA:141,2
DA:142,6
DA:145,2
DA:146,6
DA:149,2
DA:150,9
DA:153,2
DA:154,5
DA:158,2
DA:159,5
LF:35
LH:35
BRDA:98,0,0,60
BRDA:98,0,1,1
BRDA:114,1,0,3
BRDA:114,1,1,5
BRDA:115,2,0,4
BRDA:115,2,1,1
BRDA:154,3,0,5
BRDA:154,3,1,5
BRDA:159,4,0,5
BRDA:159,4,1,5
BRF:10
BRH:10
end_of_record
TN:
SF:src/lib/queryBuilder.ts
FN:9,getQueryParams
FN:19,parseSort
FN:26,parseSortValue
FN:43,parseFilters
FN:72,parseSearch
FN:89,buildQuery
FNF:6
FNH:6
FNDA:15,getQueryParams
FNDA:15,parseSort
FNDA:15,parseSortValue
FNDA:15,parseFilters
FNDA:15,parseSearch
FNDA:5,buildQuery
DA:9,1
DA:10,15
DA:12,15
DA:13,15
DA:14,15
DA:16,15
DA:20,15
DA:21,11
DA:23,4
DA:27,15
DA:29,15
DA:30,12
DA:31,12
DA:32,12
DA:35,3
DA:36,1
DA:40,15
DA:44,15
DA:46,15
DA:47,11
DA:50,4
DA:51,4
DA:53,2
DA:54,2
DA:55,1
DA:60,2
DA:61,2
DA:62,3
DA:63,3
DA:64,2
DA:69,4
DA:73,15
DA:74,13
DA:77,2
DA:79,2
DA:89,1
DA:90,5
DA:92,5
DA:93,2
DA:96,5
LF:40
LH:40
BRDA:9,0,0,7
BRDA:10,1,0,13
BRDA:10,2,0,11
BRDA:10,3,0,12
BRDA:20,4,0,11
BRDA:20,4,1,4
BRDA:29,5,0,12
BRDA:29,5,1,3
BRDA:31,6,0,12
BRDA:31,6,1,0
BRDA:31,7,0,12
BRDA:31,7,1,1
BRDA:35,8,0,1
BRDA:35,8,1,2
BRDA:35,9,0,3
BRDA:35,9,1,3
BRDA:46,10,0,11
BRDA:46,10,1,4
BRDA:54,11,0,1
BRDA:54,11,1,1
BRDA:54,12,0,2
BRDA:54,12,1,2
BRDA:63,13,0,2
BRDA:63,13,1,1
BRDA:63,14,0,3
BRDA:63,14,1,3
BRDA:63,14,2,2
BRDA:63,14,3,2
BRDA:73,15,0,13
BRDA:73,15,1,2
BRDA:73,16,0,15
BRDA:73,16,1,4
BRDA:92,17,0,2
BRDA:92,17,1,3
BRF:34
BRH:33
end_of_record
TN:
SF:src/lib/redis.ts
FN:5,initRedis
FN:12,(anonymous_1)
FN:21,(anonymous_2)
FN:25,(anonymous_3)
FN:37,getRedisClient
FN:41,closeRedis
FNF:6
FNH:0
FNDA:0,initRedis
FNDA:0,(anonymous_1)
FNDA:0,(anonymous_2)
FNDA:0,(anonymous_3)
FNDA:0,getRedisClient
FNDA:0,closeRedis
DA:1,0
DA:3,0
DA:5,0
DA:6,0
DA:8,0
DA:9,0
DA:13,0
DA:14,0
DA:16,0
DA:21,0
DA:22,0
DA:25,0
DA:26,0
DA:29,0
DA:30,0
DA:32,0
DA:33,0
DA:37,0
DA:38,0
DA:41,0
DA:42,0
DA:43,0
DA:44,0
LF:23
LH:0
BRDA:6,0,0,0
BRDA:6,0,1,0
BRDA:13,1,0,0
BRDA:13,1,1,0
BRDA:42,2,0,0
BRDA:42,2,1,0
BRF:6
BRH:0
end_of_record
TN:
SF:src/lib/serializeUser.ts
FN:8,(anonymous_0)
FN:24,(anonymous_1)
FN:34,(anonymous_2)
FN:36,(anonymous_3)
FN:72,(anonymous_4)
FN:107,(anonymous_5)
FNF:6
FNH:0
FNDA:0,(anonymous_0)
FNDA:0,(anonymous_1)
FNDA:0,(anonymous_2)
FNDA:0,(anonymous_3)
FNDA:0,(anonymous_4)
FNDA:0,(anonymous_5)
DA:1,0
DA:8,0
DA:9,0
DA:10,0
DA:12,0
DA:13,0
DA:15,0
DA:16,0
DA:18,0
DA:19,0
DA:21,0
DA:24,0
DA:25,0
DA:26,0
DA:27,0
DA:28,0
DA:31,0
DA:34,0
DA:36,0
DA:37,0
DA:72,0
DA:75,0
DA:84,0
DA:86,0
DA:90,0
DA:92,0
DA:108,0
DA:109,0
LF:28
LH:0
BRDA:9,0,0,0
BRDA:9,0,1,0
BRDA:12,1,0,0
BRDA:12,1,1,0
BRDA:15,2,0,0
BRDA:15,2,1,0
BRDA:18,3,0,0
BRDA:18,3,1,0
BRDA:18,4,0,0
BRDA:18,4,1,0
BRDA:25,5,0,0
BRDA:25,5,1,0
BRDA:27,6,0,0
BRDA:27,6,1,0
BRDA:34,7,0,0
BRDA:34,7,1,0
BRDA:37,8,0,0
BRDA:37,8,1,0
BRDA:37,9,0,0
BRDA:37,9,1,0
BRDA:86,10,0,0
BRDA:86,10,1,0
BRDA:90,11,0,0
BRDA:90,11,1,0
BRDA:93,12,0,0
BRDA:93,12,1,0
BRDA:95,13,0,0
BRDA:95,13,1,0
BRF:28
BRH:0
end_of_record
TN:
SF:src/lib/session.ts
FN:6,getUserIdFromCookie
FN:7,(anonymous_1)
FN:18,getSessionSecret
FN:32,signValue
FN:36,encodeSessionToken
FN:41,verifySessionToken
FN:70,getUserIdFromRequest
FN:81,getSessionCookieName
FN:90,authMiddleware
FN:101,roleMiddleware
FN:102,(anonymous_10)
FNF:11
FNH:0
FNDA:0,getUserIdFromCookie
FNDA:0,(anonymous_1)
FNDA:0,getSessionSecret
FNDA:0,signValue
FNDA:0,encodeSessionToken
FNDA:0,verifySessionToken
FNDA:0,getUserIdFromRequest
FNDA:0,getSessionCookieName
FNDA:0,authMiddleware
FNDA:0,roleMiddleware
FNDA:0,(anonymous_10)
DA:2,0
DA:4,0
DA:6,0
DA:7,0
DA:8,0
DA:9,0
DA:10,0
DA:12,0
DA:15,0
DA:19,0
DA:21,0
DA:22,0
DA:25,0
DA:26,0
DA:29,0
DA:33,0
DA:36,0
DA:37,0
DA:38,0
DA:41,0
DA:42,0
DA:43,0
DA:46,0
DA:47,0
DA:48,0
DA:51,0
DA:52,0
DA:53,0
DA:54,0
DA:56,0
DA:57,0
DA:60,0
DA:61,0
DA:67,0
DA:70,0
DA:72,0
DA:73,0
DA:77,0
DA:78,0
DA:81,0
DA:82,0
DA:90,0
DA:91,0
DA:93,0
DA:94,0
DA:97,0
DA:98,0
DA:101,0
DA:102,0
DA:103,0
DA:104,0
DA:107,0
DA:108,0
DA:111,0
LF:54
LH:0
BRDA:9,0,0,0
BRDA:9,0,1,0
BRDA:21,1,0,0
BRDA:21,1,1,0
BRDA:25,2,0,0
BRDA:25,2,1,0
BRDA:25,3,0,0
BRDA:25,3,1,0
BRDA:42,4,0,0
BRDA:42,4,1,0
BRDA:47,5,0,0
BRDA:47,5,1,0
BRDA:47,6,0,0
BRDA:47,6,1,0
BRDA:56,7,0,0
BRDA:56,7,1,0
BRDA:60,8,0,0
BRDA:60,8,1,0
BRDA:72,9,0,0
BRDA:72,9,1,0
BRDA:93,10,0,0
BRDA:93,10,1,0
BRDA:103,11,0,0
BRDA:103,11,1,0
BRDA:107,12,0,0
BRDA:107,12,1,0
BRDA:107,13,0,0
BRDA:107,13,1,0
BRDA:107,14,0,0
BRDA:107,14,1,0
BRF:30
BRH:0
end_of_record
TN:
SF:src/lib/socket.ts
FN:7,setupSocketIO
FN:18,(anonymous_1)
FN:35,(anonymous_2)
FN:43,(anonymous_3)
FN:48,(anonymous_4)
FN:53,(anonymous_5)
FN:62,getIO
FN:66,emitToUser
FN:72,emitToRoom
FN:78,emitNotification
FNF:10
FNH:0
FNDA:0,setupSocketIO
FNDA:0,(anonymous_1)
FNDA:0,(anonymous_2)
FNDA:0,(anonymous_3)
FNDA:0,(anonymous_4)
FNDA:0,(anonymous_5)
FNDA:0,getIO
FNDA:0,emitToUser
FNDA:0,emitToRoom
FNDA:0,emitNotification
DA:1,0
DA:3,0
DA:5,0
DA:7,0
DA:8,0
DA:18,0
DA:19,0
DA:21,0
DA:22,0
DA:23,0
DA:25,0
DA:26,0
DA:27,0
DA:28,0
DA:30,0
DA:35,0
DA:36,0
DA:38,0
DA:39,0
DA:40,0
DA:43,0
DA:44,0
DA:45,0
DA:48,0
DA:49,0
DA:50,0
DA:53,0
DA:54,0
DA:58,0
DA:59,0
DA:62,0
DA:63,0
DA:66,0
DA:67,0
DA:68,0
DA:72,0
DA:73,0
DA:74,0
DA:78,0
DA:86,0
LF:40
LH:0
BRDA:10,0,0,0
BRDA:10,0,1,0
BRDA:19,1,0,0
BRDA:19,1,1,0
BRDA:21,2,0,0
BRDA:21,2,1,0
BRDA:26,3,0,0
BRDA:26,3,1,0
BRDA:38,4,0,0
BRDA:38,4,1,0
BRDA:67,5,0,0
BRDA:67,5,1,0
BRDA:73,6,0,0
BRDA:73,6,1,0
BRF:14
BRH:0
end_of_record
TN:
SF:src/lib/swagger.ts
FN:186,setupSwagger
FN:196,(anonymous_2)
FNF:2
FNH:0
FNDA:0,setupSwagger
FNDA:0,(anonymous_2)
DA:2,0
DA:3,0
DA:5,0
DA:184,0
DA:186,0
DA:187,0
DA:196,0
DA:197,0
LF:8
LH:0
BRF:0
BRH:0
end_of_record
TN:
SF:src/lib/twoFactor.ts
FN:17,generateTwoFactorSecret
FN:31,generateQRCode
FN:41,verifyTwoFactorCode
FN:52,generateBackupCodes
FN:60,verifyBackupCode
FN:65,generateRecoveryCodes
FNF:6
FNH:0
FNDA:0,generateTwoFactorSecret
FNDA:0,generateQRCode
FNDA:0,verifyTwoFactorCode
FNDA:0,generateBackupCodes
FNDA:0,verifyBackupCode
FNDA:0,generateRecoveryCodes
DA:1,0
DA:2,0
DA:3,0
DA:5,0
DA:17,0
DA:18,0
DA:24,0
DA:31,0
DA:32,0
DA:33,0
DA:34,0
DA:36,0
DA:37,0
DA:41,0
DA:42,0
DA:49,0
DA:52,0
DA:53,0
DA:54,0
DA:55,0
DA:57,0
DA:60,0
DA:61,0
DA:62,0
DA:65,0
DA:66,0
DA:67,0
DA:68,0
DA:69,0
DA:70,0
DA:72,0
LF:31
LH:0
BRDA:26,0,0,0
BRDA:26,0,1,0
BRDA:27,1,0,0
BRDA:27,1,1,0
BRDA:52,2,0,0
BRF:5
BRH:0
end_of_record
TN:
SF:src/lib/upload.ts
FN:22,sanitizeFilename
FN:37,validateMimeType
FN:41,getFileExtension
FN:60,(anonymous_4)
FN:75,(anonymous_5)
FN:89,(anonymous_6)
FN:104,(anonymous_7)
FN:119,(anonymous_8)
FNF:8
FNH:0
FNDA:0,sanitizeFilename
FNDA:0,validateMimeType
FNDA:0,getFileExtension
FNDA:0,(anonymous_4)
FNDA:0,(anonymous_5)
FNDA:0,(anonymous_6)
FNDA:0,(anonymous_7)
FNDA:0,(anonymous_8)
DA:1,0
DA:2,0
DA:3,0
DA:4,0
DA:5,0
DA:7,0
DA:8,0
DA:16,0
DA:18,0
DA:19,0
DA:20,0
DA:23,0
DA:29,0
DA:30,0
DA:31,0
DA:32,0
DA:34,0
DA:38,0
DA:42,0
DA:57,0
DA:60,0
DA:61,0
DA:70,0
DA:76,0
DA:77,0
DA:78,0
DA:80,0
DA:84,0
DA:90,0
DA:91,0
DA:92,0
DA:93,0
DA:95,0
DA:99,0
DA:105,0
DA:106,0
DA:107,0
DA:108,0
DA:110,0
DA:114,0
DA:120,0
DA:121,0
DA:122,0
DA:124,0
DA:139,0
DA:145,0
LF:46
LH:0
BRDA:57,0,0,0
BRDA:57,0,1,0
BRDA:60,1,0,0
BRDA:76,2,0,0
BRDA:76,2,1,0
BRDA:91,3,0,0
BRDA:91,3,1,0
BRDA:106,4,0,0
BRDA:106,4,1,0
BRDA:120,5,0,0
BRDA:120,5,1,0
BRF:11
BRH:0
end_of_record
TN:
SF:src/lib/validation.ts
FN:11,(anonymous_0)
FN:15,(anonymous_1)
FN:19,(anonymous_2)
FN:28,(anonymous_3)
FN:65,(anonymous_4)
FN:79,(anonymous_5)
FN:92,(anonymous_6)
FN:106,(anonymous_7)
FN:143,(anonymous_8)
FN:182,(anonymous_9)
FN:195,(anonymous_10)
FN:223,(anonymous_11)
FN:235,(anonymous_12)
FN:240,(anonymous_13)
FN:245,(anonymous_14)
FNF:15
FNH:15
FNDA:2,(anonymous_0)
FNDA:2,(anonymous_1)
FNDA:1,(anonymous_2)
FNDA:8,(anonymous_3)
FNDA:5,(anonymous_4)
FNDA:3,(anonymous_5)
FNDA:4,(anonymous_6)
FNDA:7,(anonymous_7)
FNDA:7,(anonymous_8)
FNDA:3,(anonymous_9)
FNDA:7,(anonymous_10)
FNDA:2,(anonymous_11)
FNDA:3,(anonymous_12)
FNDA:2,(anonymous_13)
FNDA:4,(anonymous_14)
DA:8,1
DA:9,3
DA:12,2
DA:16,2
DA:20,1
DA:28,1
DA:34,8
DA:36,8
DA:37,2
DA:38,2
DA:41,6
DA:42,1
DA:43,1
DA:46,5
DA:47,5
DA:48,5
DA:49,1
DA:52,5
DA:53,1
DA:56,5
DA:57,1
DA:61,5
DA:65,1
DA:66,5
DA:68,5
DA:70,4
DA:71,4
DA:72,3
DA:75,4
DA:79,1
DA:80,3
DA:82,3
DA:84,2
DA:85,1
DA:88,2
DA:92,1
DA:93,4
DA:95,4
DA:97,3
DA:98,3
DA:99,2
DA:102,3
DA:106,1
DA:112,7
DA:114,7
DA:115,1
DA:116,1
DA:119,6
DA:120,5
DA:122,5
DA:123,1
DA:124,1
DA:127,4
DA:128,1
DA:131,4
DA:132,1
DA:135,4
DA:136,1
DA:140,5
DA:143,1
DA:144,7
DA:146,7
DA:147,1
DA:150,6
DA:151,1
DA:154,6
DA:155,1
DA:158,6
DA:159,1
DA:162,6
DA:163,1
DA:166,6
DA:167,1
DA:170,6
DA:173,1
DA:182,1
DA:183,3
DA:185,3
DA:187,2
DA:188,1
DA:191,2
DA:195,1
DA:201,7
DA:203,7
DA:204,1
DA:205,1
DA:208,6
DA:209,1
DA:210,1
DA:213,5
DA:214,4
DA:215,1
DA:218,4
DA:219,1
DA:222,4
DA:223,1
DA:224,2
DA:225,1
DA:231,5
DA:235,1
DA:236,3
DA:237,1
DA:240,1
DA:241,2
DA:242,1
DA:245,1
DA:246,4
DA:247,3
DA:248,3
LF:109
LH:109
BRDA:28,0,0,2
BRDA:36,1,0,2
BRDA:36,1,1,6
BRDA:36,2,0,8
BRDA:36,2,1,2
BRDA:36,2,2,0
BRDA:36,2,3,0
BRDA:41,3,0,1
BRDA:41,3,1,5
BRDA:41,4,0,6
BRDA:41,4,1,6
BRDA:46,5,0,5
BRDA:46,5,1,0
BRDA:48,6,0,1
BRDA:48,6,1,4
BRDA:48,7,0,5
BRDA:48,7,1,1
BRDA:52,8,0,1
BRDA:52,8,1,4
BRDA:52,9,0,5
BRDA:52,9,1,1
BRDA:56,10,0,1
BRDA:56,10,1,4
BRDA:56,11,0,5
BRDA:56,11,1,2
BRDA:68,12,0,1
BRDA:68,12,1,4
BRDA:71,13,0,3
BRDA:71,13,1,1
BRDA:71,14,0,4
BRDA:71,14,1,4
BRDA:82,15,0,1
BRDA:82,15,1,2
BRDA:84,16,0,1
BRDA:84,16,1,1
BRDA:95,17,0,1
BRDA:95,17,1,3
BRDA:98,18,0,2
BRDA:98,18,1,1
BRDA:98,19,0,3
BRDA:98,19,1,3
BRDA:106,20,0,3
BRDA:114,21,0,1
BRDA:114,21,1,6
BRDA:114,22,0,7
BRDA:114,22,1,1
BRDA:114,22,2,0
BRDA:119,23,0,5
BRDA:119,23,1,1
BRDA:119,24,0,6
BRDA:119,24,1,5
BRDA:120,25,0,4
BRDA:120,25,1,1
BRDA:122,26,0,1
BRDA:122,26,1,4
BRDA:127,27,0,1
BRDA:127,27,1,3
BRDA:127,28,0,4
BRDA:127,28,1,1
BRDA:131,29,0,1
BRDA:131,29,1,3
BRDA:131,30,0,4
BRDA:131,30,1,1
BRDA:135,31,0,1
BRDA:135,31,1,3
BRDA:135,32,0,4
BRDA:135,32,1,1
BRDA:146,33,0,1
BRDA:146,33,1,6
BRDA:150,34,0,1
BRDA:150,34,1,5
BRDA:154,35,0,1
BRDA:154,35,1,5
BRDA:158,36,0,1
BRDA:158,36,1,5
BRDA:162,37,0,1
BRDA:162,37,1,5
BRDA:166,38,0,1
BRDA:166,38,1,5
BRDA:185,39,0,1
BRDA:185,39,1,2
BRDA:187,40,0,1
BRDA:187,40,1,1
BRDA:195,41,0,3
BRDA:203,42,0,1
BRDA:203,42,1,6
BRDA:203,43,0,7
BRDA:203,43,1,1
BRDA:203,43,2,0
BRDA:208,44,0,1
BRDA:208,44,1,5
BRDA:208,45,0,6
BRDA:208,45,1,5
BRDA:213,46,0,4
BRDA:213,46,1,1
BRDA:213,47,0,5
BRDA:213,47,1,4
BRDA:214,48,0,1
BRDA:214,48,1,3
BRDA:214,49,0,4
BRDA:214,49,1,1
BRDA:218,50,0,1
BRDA:218,50,1,3
BRDA:218,51,0,4
BRDA:218,51,1,1
BRDA:222,52,0,1
BRDA:222,52,1,3
BRDA:224,53,0,1
BRDA:224,53,1,1
BRDA:236,54,0,2
BRDA:236,54,1,1
BRDA:241,55,0,1
BRDA:241,55,1,1
BRDA:246,56,0,1
BRDA:246,56,1,3
BRDA:246,57,0,4
BRDA:246,57,1,3
BRDA:247,58,0,1
BRDA:247,58,1,2
BRDA:248,59,0,1
BRDA:248,59,1,2
BRF:121
BRH:116
end_of_record
TN:
SF:src/lib/webhook.ts
FN:10,triggerWebhooks
FN:40,sendWebhook
FN:64,createWebhookSecret
FNF:3
FNH:0
FNDA:0,triggerWebhooks
FNDA:0,sendWebhook
FNDA:0,createWebhookSecret
DA:1,0
DA:2,0
DA:10,0
DA:11,0
DA:16,0
DA:22,0
DA:23,0
DA:24,0
DA:26,0
DA:31,0
DA:33,0
DA:41,0
DA:42,0
DA:47,0
DA:59,0
DA:60,0
DA:64,0
DA:65,0
LF:18
LH:0
BRDA:59,0,0,0
BRDA:59,0,1,0
BRF:2
BRH:0
end_of_record
TN:
SF:src/lib/zodSchemas.ts
FNF:0
FNH:0
DA:1,0
DA:3,0
DA:10,0
DA:15,0
DA:22,0
DA:26,0
DA:36,0
DA:46,0
DA:61,0
DA:71,0
DA:83,0
DA:95,0
DA:108,0
DA:116,0
DA:123,0
DA:127,0
DA:131,0
DA:136,0
LF:18
LH:0
BRF:0
BRH:0
end_of_record
TN:
SF:src/lib/zodValidation.ts
FN:4,validateBody
FN:5,(anonymous_1)
FN:11,(anonymous_2)
FN:25,validateQuery
FN:26,(anonymous_4)
FN:32,(anonymous_5)
FN:46,validateParams
FN:47,(anonymous_7)
FN:53,(anonymous_8)
FNF:9
FNH:0
FNDA:0,validateBody
FNDA:0,(anonymous_1)
FNDA:0,(anonymous_2)
FNDA:0,validateQuery
FNDA:0,(anonymous_4)
FNDA:0,(anonymous_5)
FNDA:0,validateParams
FNDA:0,(anonymous_7)
FNDA:0,(anonymous_8)
DA:2,0
DA:4,0
DA:5,0
DA:6,0
DA:7,0
DA:8,0
DA:10,0
DA:11,0
DA:15,0
DA:20,0
DA:25,0
DA:26,0
DA:27,0
DA:28,0
DA:29,0
DA:31,0
DA:32,0
DA:36,0
DA:41,0
DA:46,0
DA:47,0
DA:48,0
DA:49,0
DA:50,0
DA:52,0
DA:53,0
DA:57,0
DA:62,0
LF:28
LH:0
BRDA:10,0,0,0
BRDA:10,0,1,0
BRDA:31,1,0,0
BRDA:31,1,1,0
BRDA:52,2,0,0
BRDA:52,2,1,0
BRF:6
BRH:0
end_of_record
TN:
SF:src/middleware/audit.ts
FN:12,auditMiddleware
FN:13,(anonymous_1)
FN:16,(anonymous_2)
FN:37,(anonymous_3)
FN:49,auditLogin
FN:53,(anonymous_5)
FN:63,(anonymous_6)
FNF:7
FNH:0
FNDA:0,auditMiddleware
FNDA:0,(anonymous_1)
FNDA:0,(anonymous_2)
FNDA:0,(anonymous_3)
FNDA:0,auditLogin
FNDA:0,(anonymous_5)
FNDA:0,(anonymous_6)
DA:3,0
DA:12,0
DA:13,0
DA:14,0
DA:16,0
DA:17,0
DA:18,0
DA:19,0
DA:21,0
DA:23,0
DA:38,0
DA:42,0
DA:45,0
DA:49,0
DA:50,0
DA:52,0
DA:53,0
DA:54,0
DA:55,0
DA:64,0
DA:67,0
DA:70,0
DA:73,0
DA:84,0
LF:24
LH:0
BRDA:17,0,0,0
BRDA:17,0,1,0
BRDA:17,1,0,0
BRDA:17,1,1,0
BRDA:17,1,2,0
BRDA:18,2,0,0
BRDA:18,2,1,0
BRDA:19,3,0,0
BRDA:19,3,1,0
BRDA:54,4,0,0
BRDA:54,4,1,0
BRDA:54,5,0,0
BRDA:54,5,1,0
BRF:13
BRH:0
end_of_record
TN:
SF:src/middleware/csrf.ts
FN:7,csrfProtection
FNF:1
FNH:0
FNDA:0,csrfProtection
DA:3,0
DA:5,0
DA:7,0
DA:8,0
DA:9,0
DA:12,0
DA:14,0
DA:15,0
DA:19,0
DA:22,0
DA:24,0
DA:25,0
DA:29,0
DA:32,0
LF:14
LH:0
BRDA:8,0,0,0
BRDA:8,0,1,0
BRDA:14,1,0,0
BRDA:14,1,1,0
BRDA:22,2,0,0
BRDA:22,2,1,0
BRDA:22,2,2,0
BRDA:24,3,0,0
BRDA:24,3,1,0
BRF:9
BRH:0
end_of_record
TN:
SF:src/middleware/rateLimiter.ts
FN:11,createUserRateLimiter
FN:30,(anonymous_2)
FN:40,(anonymous_3)
FN:88,createTieredRateLimiter
FN:89,(anonymous_5)
FNF:5
FNH:0
FNDA:0,createUserRateLimiter
FNDA:0,(anonymous_2)
FNDA:0,(anonymous_3)
FNDA:0,createTieredRateLimiter
FNDA:0,(anonymous_5)
DA:1,0
DA:11,0
DA:17,0
DA:19,0
DA:31,0
DA:32,0
DA:34,0
DA:35,0
DA:38,0
DA:41,0
DA:51,0
DA:56,0
DA:62,0
DA:68,0
DA:74,0
DA:88,0
DA:89,0
DA:90,0
DA:91,0
DA:92,0
DA:96,0
DA:99,0
LF:22
LH:0
BRDA:11,0,0,0
BRDA:13,1,0,0
BRDA:14,2,0,0
BRDA:15,3,0,0
BRDA:30,4,0,0
BRDA:30,4,1,0
BRDA:32,5,0,0
BRDA:32,5,1,0
BRDA:34,6,0,0
BRDA:34,6,1,0
BRDA:38,7,0,0
BRDA:38,7,1,0
BRDA:38,7,2,0
BRDA:91,8,0,0
BRDA:91,8,1,0
BRDA:91,9,0,0
BRDA:91,9,1,0
BRF:17
BRH:0
end_of_record
TN:
SF:src/middleware/requestId.ts
FN:12,requestIdMiddleware
FN:19,getRequestId
FNF:2
FNH:0
FNDA:0,requestIdMiddleware
FNDA:0,getRequestId
DA:2,0
DA:12,0
DA:13,0
DA:14,0
DA:15,0
DA:16,0
DA:19,0
DA:20,0
LF:8
LH:0
BRDA:13,0,0,0
BRDA:13,0,1,0
BRDA:20,1,0,0
BRDA:20,1,1,0
BRF:4
BRH:0
end_of_record
TN:
SF:src/middleware/timeout.ts
FN:10,requestTimeout
FN:14,(anonymous_1)
FN:15,(anonymous_2)
FN:25,(anonymous_3)
FN:29,(anonymous_4)
FN:37,abortOnTimeout
FN:38,(anonymous_6)
FNF:7
FNH:0
FNDA:0,requestTimeout
FNDA:0,(anonymous_1)
FNDA:0,(anonymous_2)
FNDA:0,(anonymous_3)
FNDA:0,(anonymous_4)
FNDA:0,abortOnTimeout
FNDA:0,(anonymous_6)
DA:3,0
DA:10,0
DA:11,0
DA:12,0
DA:14,0
DA:15,0
DA:16,0
DA:17,0
DA:25,0
DA:26,0
DA:29,0
DA:30,0
DA:33,0
DA:37,0
DA:38,0
DA:39,0
DA:40,0
DA:47,0
LF:18
LH:0
BRDA:10,0,0,0
BRDA:11,1,0,0
BRDA:11,1,1,0
BRDA:12,2,0,0
BRDA:12,2,1,0
BRDA:16,3,0,0
BRDA:16,3,1,0
BRDA:39,4,0,0
BRDA:39,4,1,0
BRF:9
BRH:0
end_of_record
TN:
SF:src/middleware/validate.ts
FN:20,validate
FN:21,(anonymous_1)
FNF:2
FNH:0
FNDA:0,validate
FNDA:0,(anonymous_1)
DA:2,0
DA:20,0
DA:21,0
DA:22,0
DA:23,0
DA:25,0
DA:26,0
DA:28,0
DA:29,0
DA:30,0
DA:33,0
DA:34,0
DA:37,0
DA:39,0
DA:44,0
DA:45,0
DA:49,0
DA:50,0
DA:51,0
DA:55,0
DA:60,0
DA:61,0
DA:65,0
DA:66,0
DA:67,0
DA:71,0
DA:72,0
DA:73,0
DA:77,0
DA:82,0
DA:83,0
DA:88,0
DA:89,0
DA:95,0
DA:99,0
LF:35
LH:0
BRDA:23,0,0,0
BRDA:23,0,1,0
BRDA:28,1,0,0
BRDA:28,1,1,0
BRDA:28,2,0,0
BRDA:28,2,1,0
BRDA:28,2,2,0
BRDA:28,2,3,0
BRDA:33,3,0,0
BRDA:33,3,1,0
BRDA:33,4,0,0
BRDA:33,4,1,0
BRDA:37,5,0,0
BRDA:37,5,1,0
BRDA:37,5,2,0
BRDA:37,5,3,0
BRDA:37,5,4,0
BRDA:37,5,5,0
BRDA:71,6,0,0
BRDA:71,6,1,0
BRDA:88,7,0,0
BRDA:88,7,1,0
BRF:22
BRH:0
end_of_record
TN:
SF:src/models/Assessment.ts
FNF:0
FNH:0
DA:1,0
DA:34,0
DA:49,0
DA:106,0
DA:107,0
DA:108,0
DA:109,0
DA:110,0
DA:111,0
DA:112,0
DA:113,0
DA:114,0
DA:116,0
LF:13
LH:0
BRDA:116,0,0,0
BRDA:116,0,1,0
BRF:2
BRH:0
end_of_record
TN:
SF:src/models/AssessmentAttempt.ts
FNF:0
FNH:0
DA:1,0
DA:27,0
DA:33,0
DA:73,0
DA:74,0
DA:75,0
DA:77,0
LF:7
LH:0
BRDA:77,0,0,0
BRDA:77,0,1,0
BRF:2
BRH:0
end_of_record
TN:
SF:src/models/AuditLog.ts
FNF:0
FNH:0
DA:1,0
DA:15,0
DA:57,0
DA:58,0
DA:59,0
DA:61,0
DA:62,0
LF:7
LH:0
BRDA:61,0,0,0
BRDA:61,0,1,0
BRF:2
BRH:0
end_of_record
TN:
SF:src/models/Class.ts
FNF:0
FNH:0
DA:1,0
DA:17,0
DA:63,0
DA:64,0
DA:65,0
DA:66,0
DA:67,0
DA:68,0
DA:70,0
LF:9
LH:0
BRDA:70,0,0,0
BRDA:70,0,1,0
BRF:2
BRH:0
end_of_record
TN:
SF:src/models/Course.ts
FN:88,(anonymous_1)
FN:96,(anonymous_2)
FN:101,(anonymous_3)
FNF:3
FNH:0
FNDA:0,(anonymous_1)
FNDA:0,(anonymous_2)
FNDA:0,(anonymous_3)
DA:1,0
DA:3,0
DA:78,0
DA:79,0
DA:80,0
DA:81,0
DA:82,0
DA:83,0
DA:84,0
DA:85,0
DA:88,0
DA:89,0
DA:90,0
DA:92,0
DA:96,0
DA:97,0
DA:101,0
DA:102,0
DA:106,0
DA:107,0
DA:109,0
LF:21
LH:0
BRDA:89,0,0,0
BRDA:89,0,1,0
BRDA:89,1,0,0
BRDA:89,1,1,0
BRDA:89,1,2,0
BRDA:97,2,0,0
BRDA:97,2,1,0
BRDA:102,3,0,0
BRDA:102,3,1,0
BRDA:109,4,0,0
BRDA:109,4,1,0
BRF:11
BRH:0
end_of_record
TN:
SF:src/models/DeletionRequest.ts
FNF:0
FNH:0
DA:1,0
DA:21,0
DA:76,0
DA:77,0
DA:78,0
DA:79,0
DA:80,0
DA:82,0
LF:8
LH:0
BRDA:82,0,0,0
BRDA:82,0,1,0
BRF:2
BRH:0
end_of_record
TN:
SF:src/models/Grade.ts
FN:161,(anonymous_0)
FN:186,(anonymous_1)
FNF:2
FNH:0
FNDA:0,(anonymous_0)
FNDA:0,(anonymous_1)
DA:1,0
DA:32,0
DA:57,0
DA:150,0
DA:151,0
DA:152,0
DA:153,0
DA:154,0
DA:155,0
DA:156,0
DA:157,0
DA:158,0
DA:161,0
DA:162,0
DA:163,0
DA:166,0
DA:167,0
DA:168,0
DA:169,0
DA:170,0
DA:171,0
DA:172,0
DA:173,0
DA:174,0
DA:175,0
DA:176,0
DA:177,0
DA:178,0
DA:180,0
DA:181,0
DA:186,0
DA:187,0
DA:188,0
DA:190,0
DA:193,0
DA:195,0
LF:36
LH:0
BRDA:162,0,0,0
BRDA:162,0,1,0
BRDA:166,1,0,0
BRDA:166,1,1,0
BRDA:167,2,0,0
BRDA:167,2,1,0
BRDA:168,3,0,0
BRDA:168,3,1,0
BRDA:169,4,0,0
BRDA:169,4,1,0
BRDA:170,5,0,0
BRDA:170,5,1,0
BRDA:171,6,0,0
BRDA:171,6,1,0
BRDA:172,7,0,0
BRDA:172,7,1,0
BRDA:173,8,0,0
BRDA:173,8,1,0
BRDA:174,9,0,0
BRDA:174,9,1,0
BRDA:175,10,0,0
BRDA:175,10,1,0
BRDA:176,11,0,0
BRDA:176,11,1,0
BRDA:177,12,0,0
BRDA:177,12,1,0
BRDA:187,13,0,0
BRDA:187,13,1,0
BRDA:187,14,0,0
BRDA:187,14,1,0
BRDA:193,15,0,0
BRDA:193,15,1,0
BRF:32
BRH:0
end_of_record
TN:
SF:src/models/MentorInvitation.ts
FNF:0
FNH:0
DA:1,0
DA:16,0
DA:61,0
DA:62,0
DA:64,0
DA:66,0
DA:68,0
LF:7
LH:0
BRDA:66,0,0,0
BRDA:66,0,1,0
BRF:2
BRH:0
end_of_record
TN:
SF:src/models/Notification.ts
FNF:0
FNH:0
DA:1,0
DA:3,0
DA:37,0
DA:39,0
DA:40,0
LF:5
LH:0
BRDA:39,0,0,0
BRDA:39,0,1,0
BRF:2
BRH:0
end_of_record
TN:
SF:src/models/PasswordResetToken.ts
FNF:0
FNH:0
DA:1,0
DA:12,0
DA:35,0
DA:36,0
DA:38,0
LF:5
LH:0
BRDA:38,0,0,0
BRDA:38,0,1,0
BRF:2
BRH:0
end_of_record
TN:
SF:src/models/RefreshToken.ts
FN:67,(anonymous_9)
FNF:1
FNH:0
FNDA:0,(anonymous_9)
DA:1,0
DA:2,0
DA:23,0
DA:63,0
DA:64,0
DA:65,0
DA:67,0
DA:68,0
DA:71,0
DA:72,0
LF:10
LH:0
BRDA:71,0,0,0
BRDA:71,0,1,0
BRF:2
BRH:0
end_of_record
TN:
SF:src/models/School.ts
FNF:0
FNH:0
DA:1,0
DA:22,0
DA:82,0
DA:83,0
DA:84,0
DA:85,0
DA:86,0
DA:88,0
LF:8
LH:0
BRDA:88,0,0,0
BRDA:88,0,1,0
BRF:2
BRH:0
end_of_record
TN:
SF:src/models/SchoolApproval.ts
FNF:0
FNH:0
DA:1,0
DA:19,0
DA:65,0
DA:66,0
DA:67,0
DA:68,0
DA:70,0
LF:7
LH:0
BRDA:70,0,0,0
BRDA:70,0,1,0
BRF:2
BRH:0
end_of_record
TN:
SF:src/models/StudentInvitation.ts
FNF:0
FNH:0
DA:1,0
DA:16,0
DA:67,0
DA:68,0
DA:70,0
LF:5
LH:0
BRDA:70,0,0,0
BRDA:70,0,1,0
BRF:2
BRH:0
end_of_record
TN:
SF:src/models/Transcript.ts
FN:180,(anonymous_0)
FN:196,(anonymous_1)
FN:205,(anonymous_2)
FN:206,(anonymous_3)
FN:226,(anonymous_4)
FNF:5
FNH:0
FNDA:0,(anonymous_0)
FNDA:0,(anonymous_1)
FNDA:0,(anonymous_2)
FNDA:0,(anonymous_3)
FNDA:0,(anonymous_4)
DA:1,0
DA:43,0
DA:104,0
DA:175,0
DA:176,0
DA:177,0
DA:180,0
DA:181,0
DA:182,0
DA:185,0
DA:193,0
DA:194,0
DA:196,0
DA:197,0
DA:198,0
DA:199,0
DA:202,0
DA:205,0
DA:206,0
DA:207,0
DA:209,0
DA:210,0
DA:211,0
DA:212,0
DA:213,0
DA:214,0
DA:216,0
DA:222,0
DA:226,0
DA:227,0
DA:228,0
DA:230,0
DA:233,0
DA:235,0
LF:34
LH:0
BRDA:181,0,0,0
BRDA:181,0,1,0
BRDA:197,1,0,0
BRDA:197,1,1,0
BRDA:202,2,0,0
BRDA:202,2,1,0
BRDA:210,3,0,0
BRDA:210,3,1,0
BRDA:211,4,0,0
BRDA:211,4,1,0
BRDA:212,5,0,0
BRDA:212,5,1,0
BRDA:213,6,0,0
BRDA:213,6,1,0
BRDA:214,7,0,0
BRDA:214,7,1,0
BRDA:227,8,0,0
BRDA:227,8,1,0
BRDA:233,9,0,0
BRDA:233,9,1,0
BRF:20
BRH:0
end_of_record
TN:
SF:src/models/User.ts
FNF:0
FNH:0
DA:1,0
DA:38,0
DA:135,0
DA:136,0
DA:137,0
DA:138,0
DA:139,0
DA:140,0
DA:141,0
DA:142,0
DA:144,0
LF:11
LH:0
BRDA:144,0,0,0
BRDA:144,0,1,0
BRF:2
BRH:0
end_of_record
TN:
SF:src/models/Webhook.ts
FN:21,(anonymous_9)
FNF:1
FNH:0
FNDA:0,(anonymous_9)
DA:1,0
DA:16,0
DA:22,0
DA:75,0
DA:76,0
DA:78,0
DA:79,0
LF:7
LH:0
BRDA:78,0,0,0
BRDA:78,0,1,0
BRF:2
BRH:0
end_of_record
TN:
SF:src/repositories/approval.repository.ts
FN:5,(anonymous_1)
FN:9,(anonymous_2)
FN:13,(anonymous_3)
FN:17,(anonymous_4)
FN:24,(anonymous_5)
FN:32,(anonymous_6)
FN:42,(anonymous_7)
FN:46,(anonymous_8)
FN:51,(anonymous_9)
FNF:9
FNH:0
FNDA:0,(anonymous_1)
FNDA:0,(anonymous_2)
FNDA:0,(anonymous_3)
FNDA:0,(anonymous_4)
FNDA:0,(anonymous_5)
FNDA:0,(anonymous_6)
FNDA:0,(anonymous_7)
FNDA:0,(anonymous_8)
FNDA:0,(anonymous_9)
DA:2,0
DA:4,0
DA:6,0
DA:10,0
DA:14,0
DA:18,0
DA:25,0
DA:38,0
DA:39,0
DA:43,0
DA:47,0
DA:48,0
DA:52,0
DA:56,0
LF:14
LH:0
BRDA:24,0,0,0
BRF:1
BRH:0
end_of_record
TN:
SF:src/repositories/assessment.repository.ts
FN:5,(anonymous_1)
FN:12,(anonymous_2)
FN:19,(anonymous_3)
FN:25,(anonymous_4)
FN:31,(anonymous_5)
FN:36,(anonymous_6)
FN:43,(anonymous_7)
FN:48,(anonymous_8)
FN:54,(anonymous_9)
FN:61,(anonymous_10)
FN:68,(anonymous_11)
FN:74,(anonymous_12)
FN:80,(anonymous_13)
FN:85,(anonymous_14)
FNF:14
FNH:0
FNDA:0,(anonymous_1)
FNDA:0,(anonymous_2)
FNDA:0,(anonymous_3)
FNDA:0,(anonymous_4)
FNDA:0,(anonymous_5)
FNDA:0,(anonymous_6)
FNDA:0,(anonymous_7)
FNDA:0,(anonymous_8)
FNDA:0,(anonymous_9)
FNDA:0,(anonymous_10)
FNDA:0,(anonymous_11)
FNDA:0,(anonymous_12)
FNDA:0,(anonymous_13)
FNDA:0,(anonymous_14)
DA:1,0
DA:2,0
DA:4,0
DA:6,0
DA:13,0
DA:20,0
DA:26,0
DA:32,0
DA:33,0
DA:37,0
DA:44,0
DA:45,0
DA:49,0
DA:53,0
DA:55,0
DA:62,0
DA:69,0
DA:75,0
DA:81,0
DA:82,0
DA:86,0
DA:93,0
DA:94,0
LF:23
LH:0
BRDA:12,0,0,0
BRDA:48,1,0,0
BRDA:61,2,0,0
BRF:3
BRH:0
end_of_record
TN:
SF:src/repositories/class.repository.ts
FN:5,(anonymous_1)
FN:9,(anonymous_2)
FN:13,(anonymous_3)
FN:20,(anonymous_4)
FN:29,(anonymous_5)
FN:33,(anonymous_6)
FN:40,(anonymous_7)
FN:49,(anonymous_8)
FN:53,(anonymous_9)
FN:60,(anonymous_10)
FN:69,(anonymous_11)
FN:73,(anonymous_12)
FN:80,(anonymous_13)
FN:89,(anonymous_14)
FN:93,(anonymous_15)
FN:98,(anonymous_16)
FN:104,(anonymous_17)
FN:109,(anonymous_18)
FN:117,(anonymous_19)
FN:125,(anonymous_20)
FNF:20
FNH:0
FNDA:0,(anonymous_1)
FNDA:0,(anonymous_2)
FNDA:0,(anonymous_3)
FNDA:0,(anonymous_4)
FNDA:0,(anonymous_5)
FNDA:0,(anonymous_6)
FNDA:0,(anonymous_7)
FNDA:0,(anonymous_8)
FNDA:0,(anonymous_9)
FNDA:0,(anonymous_10)
FNDA:0,(anonymous_11)
FNDA:0,(anonymous_12)
FNDA:0,(anonymous_13)
FNDA:0,(anonymous_14)
FNDA:0,(anonymous_15)
FNDA:0,(anonymous_16)
FNDA:0,(anonymous_17)
FNDA:0,(anonymous_18)
FNDA:0,(anonymous_19)
FNDA:0,(anonymous_20)
DA:2,0
DA:4,0
DA:6,0
DA:10,0
DA:14,0
DA:21,0
DA:30,0
DA:34,0
DA:41,0
DA:50,0
DA:54,0
DA:61,0
DA:70,0
DA:74,0
DA:81,0
DA:90,0
DA:94,0
DA:95,0
DA:99,0
DA:105,0
DA:106,0
DA:110,0
DA:118,0
DA:126,0
DA:130,0
LF:25
LH:0
BRDA:13,0,0,0
BRDA:125,1,0,0
BRF:2
BRH:0
end_of_record
TN:
SF:src/repositories/course.repository.ts
FN:4,(anonymous_1)
FN:12,(anonymous_2)
FN:18,(anonymous_3)
FN:26,(anonymous_4)
FN:36,(anonymous_5)
FN:40,(anonymous_6)
FN:48,(anonymous_7)
FN:58,(anonymous_8)
FN:62,(anonymous_9)
FN:70,(anonymous_10)
FN:80,(anonymous_11)
FN:84,(anonymous_12)
FN:94,(anonymous_13)
FN:98,(anonymous_14)
FN:105,(anonymous_15)
FN:110,(anonymous_16)
FN:118,(anonymous_17)
FN:123,(anonymous_18)
FNF:18
FNH:0
FNDA:0,(anonymous_1)
FNDA:0,(anonymous_2)
FNDA:0,(anonymous_3)
FNDA:0,(anonymous_4)
FNDA:0,(anonymous_5)
FNDA:0,(anonymous_6)
FNDA:0,(anonymous_7)
FNDA:0,(anonymous_8)
FNDA:0,(anonymous_9)
FNDA:0,(anonymous_10)
FNDA:0,(anonymous_11)
FNDA:0,(anonymous_12)
FNDA:0,(anonymous_13)
FNDA:0,(anonymous_14)
FNDA:0,(anonymous_15)
FNDA:0,(anonymous_16)
FNDA:0,(anonymous_17)
FNDA:0,(anonymous_18)
DA:1,0
DA:3,0
DA:5,0
[...]
LF:117
LH:0
BRDA:36,0,0,0
BRDA:36,0,1,0
BRDA:49,1,0,0
BRDA:49,1,1,0
BRDA:51,2,0,0
BRDA:51,2,1,0
BRDA:68,3,0,0
BRDA:68,3,1,0
BRDA:71,4,0,0
BRDA:71,4,1,0
BRDA:73,5,0,0
BRDA:73,5,1,0
BRF:12
BRH:0
end_of_record
TN:
SF:src/routes/upload.ts
FN:10,(anonymous_9)
FN:11,(anonymous_10)
FN:16,(anonymous_11)
FN:17,(anonymous_12)
FN:18,(anonymous_13)
FN:25,(anonymous_14)
FN:26,(anonymous_15)
FN:27,(anonymous_16)
FN:29,(anonymous_17)
FNF:9
FNH:0
FNDA:0,(anonymous_9)
FNDA:0,(anonymous_10)
FNDA:0,(anonymous_11)
FNDA:0,(anonymous_12)
FNDA:0,(anonymous_13)
FNDA:0,(anonymous_14)
FNDA:0,(anonymous_15)
FNDA:0,(anonymous_16)
FNDA:0,(anonymous_17)
DA:1,0
DA:2,0
DA:3,0
DA:5,0
DA:6,0
DA:8,0
DA:10,0
DA:11,0
DA:12,0
DA:16,0
DA:17,0
DA:18,0
DA:19,0
DA:20,0
DA:25,0
DA:26,0
DA:27,0
DA:28,0
DA:29,0
DA:30,0
DA:31,0
DA:62,0
DA:99,0
DA:136,0
DA:138,0
LF:25
LH:0
BRDA:19,0,0,0
BRDA:19,0,1,0
BRDA:28,1,0,0
BRDA:28,1,1,0
BRDA:30,2,0,0
BRDA:30,2,1,0
BRF:6
BRH:0
end_of_record
TN:
SF:src/scripts/resetDatabase.ts
FN:9,resetDatabase
FNF:1
FNH:0
FNDA:0,resetDatabase
DA:1,0
DA:2,0
DA:4,0
DA:6,0
DA:7,0
DA:10,0
DA:12,0
DA:13,0
DA:14,0
DA:16,0
DA:20,0
DA:22,0
DA:23,0
DA:25,0
DA:26,0
DA:28,0
DA:30,0
DA:31,0
DA:35,0
LF:19
LH:0
BRDA:7,0,0,0
BRDA:7,0,1,0
BRDA:16,1,0,0
BRDA:16,1,1,0
BRDA:18,2,0,0
BRDA:18,2,1,0
BRF:6
BRH:0
end_of_record
TN:
SF:src/scripts/seedAdmin.ts
FN:10,seedAdmin
FNF:1
FNH:0
FNDA:0,seedAdmin
DA:1,0
DA:2,0
DA:3,0
DA:4,0
DA:6,0
DA:8,0
DA:11,0
DA:12,0
DA:13,0
DA:15,0
DA:16,0
DA:18,0
DA:19,0
DA:20,0
DA:23,0
DA:24,0
DA:26,0
DA:35,0
DA:36,0
DA:37,0
DA:39,0
DA:40,0
DA:44,0
LF:23
LH:0
BRDA:8,0,0,0
BRDA:8,0,1,0
BRDA:15,1,0,0
BRDA:15,1,1,0
BRDA:18,2,0,0
BRDA:18,2,1,0
BRDA:23,3,0,0
BRDA:23,3,1,0
BRDA:28,4,0,0
BRDA:28,4,1,0
BRF:10
BRH:0
end_of_record
TN:
SF:src/services/approval.service.ts
FN:27,(anonymous_0)
FN:77,(anonymous_1)
FN:81,(anonymous_2)
FN:85,(anonymous_3)
FN:89,(anonymous_4)
FN:93,(anonymous_5)
FN:134,(anonymous_6)
FN:173,(anonymous_7)
FNF:8
FNH:0
FNDA:0,(anonymous_0)
FNDA:0,(anonymous_1)
FNDA:0,(anonymous_2)
FNDA:0,(anonymous_3)
FNDA:0,(anonymous_4)
FNDA:0,(anonymous_5)
FNDA:0,(anonymous_6)
FNDA:0,(anonymous_7)
DA:2,0
DA:3,0
DA:4,0
DA:5,0
DA:26,0
DA:28,0
DA:29,0
DA:30,0
DA:33,0
DA:34,0
DA:35,0
DA:38,0
DA:47,0
DA:58,0
DA:65,0
DA:69,0
DA:78,0
DA:82,0
DA:86,0
DA:90,0
DA:94,0
DA:95,0
DA:96,0
DA:99,0
DA:100,0
DA:103,0
DA:109,0
DA:113,0
DA:117,0
DA:118,0
DA:119,0
DA:127,0
DA:135,0
DA:136,0
DA:137,0
DA:140,0
DA:141,0
DA:144,0
DA:151,0
DA:156,0
DA:157,0
DA:158,0
DA:166,0
DA:174,0
DA:178,0
LF:45
LH:0
BRDA:29,0,0,0
BRDA:29,0,1,0
BRDA:34,1,0,0
BRDA:34,1,1,0
BRDA:95,2,0,0
BRDA:95,2,1,0
BRDA:99,3,0,0
BRDA:99,3,1,0
BRDA:118,4,0,0
BRDA:118,4,1,0
BRDA:136,5,0,0
BRDA:136,5,1,0
BRDA:140,6,0,0
BRDA:140,6,1,0
BRDA:157,7,0,0
BRDA:157,7,1,0
BRF:16
BRH:0
end_of_record
TN:
SF:src/services/assessment.service.ts
FN:4,(anonymous_0)
FN:13,(anonymous_1)
FN:17,(anonymous_2)
FN:30,(anonymous_3)
FN:34,(anonymous_4)
FN:38,(anonymous_5)
FN:42,(anonymous_6)
FN:54,(anonymous_7)
FN:58,(anonymous_8)
FNF:9
FNH:9
FNDA:4,(anonymous_0)
FNDA:1,(anonymous_1)
FNDA:1,(anonymous_2)
FNDA:1,(anonymous_3)
FNDA:1,(anonymous_4)
FNDA:1,(anonymous_5)
FNDA:1,(anonymous_6)
FNDA:1,(anonymous_7)
FNDA:1,(anonymous_8)
DA:1,1
DA:3,1
DA:5,4
DA:6,2
DA:7,2
DA:8,1
DA:10,1
DA:14,1
DA:27,1
DA:31,1
DA:35,1
DA:39,1
DA:46,1
DA:55,1
DA:59,1
DA:63,1
LF:16
LH:16
BRDA:5,0,0,2
BRDA:5,0,1,2
BRDA:5,1,0,4
BRDA:5,1,1,3
BRDA:7,2,0,1
BRDA:7,2,1,1
BRF:6
BRH:6
end_of_record
TN:
SF:src/services/auth.service.ts
FN:21,(anonymous_1)
FN:130,(anonymous_2)
FN:180,(anonymous_3)
FN:202,(anonymous_4)
FN:211,(anonymous_5)
FN:232,(anonymous_6)
FN:255,(anonymous_7)
FN:265,(anonymous_8)
FN:277,(anonymous_9)
FN:300,(anonymous_10)
FN:309,(anonymous_11)
FNF:11
FNH:10
FNDA:9,(anonymous_1)
FNDA:4,(anonymous_2)
FNDA:1,(anonymous_3)
FNDA:2,(anonymous_4)
FNDA:2,(anonymous_5)
FNDA:2,(anonymous_6)
FNDA:0,(anonymous_7)
FNDA:2,(anonymous_8)
FNDA:1,(anonymous_9)
FNDA:2,(anonymous_10)
FNDA:2,(anonymous_11)
DA:1,1
DA:2,1
DA:4,1
DA:5,1
DA:7,1
DA:8,1
DA:9,1
DA:10,1
DA:11,1
DA:12,1
DA:13,1
DA:15,1
DA:16,1
DA:17,1
DA:18,1
DA:20,1
DA:30,9
DA:32,9
DA:33,1
DA:36,8
DA:37,1
DA:44,7
DA:45,1
DA:51,6
DA:52,6
DA:53,2
DA:54,2
DA:55,2
DA:59,2
DA:65,2
DA:66,1
DA:73,1
DA:76,4
DA:77,1
DA:84,4
DA:85,2
DA:86,2
DA:87,1
DA:92,1
DA:93,1
DA:100,2
DA:104,2
DA:113,2
DA:114,2
DA:115,2
DA:117,2
DA:126,2
DA:127,2
DA:137,4
DA:138,4
DA:140,4
DA:146,4
DA:147,1
DA:150,3
DA:151,1
DA:155,1
DA:156,1
DA:159,2
DA:160,2
DA:161,1
DA:164,1
DA:168,1
DA:177,1
DA:178,1
DA:180,1
DA:181,1
DA:186,1
DA:196,1
DA:198,0
DA:203,2
DA:204,1
DA:212,2
DA:213,2
DA:214,1
DA:217,1
DA:219,1
DA:228,1
DA:229,1
DA:233,2
DA:234,2
DA:235,1
DA:238,1
DA:239,1
DA:241,1
DA:242,1
DA:244,1
DA:250,1
DA:252,1
DA:256,0
DA:262,0
DA:266,2
DA:272,2
DA:273,1
DA:276,1
DA:277,1
DA:278,1
DA:280,1
DA:286,1
DA:293,1
DA:295,0
DA:296,0
DA:301,2
DA:302,2
DA:303,1
DA:305,1
DA:306,1
DA:310,2
DA:311,2
DA:313,1
DA:314,1
DA:318,1
LF:111
LH:106
BRDA:32,0,0,1
BRDA:32,0,1,8
BRDA:36,1,0,1
BRDA:36,1,1,7
BRDA:36,2,0,8
BRDA:36,2,1,1
BRDA:44,3,0,1
BRDA:44,3,1,6
BRDA:52,4,0,2
BRDA:52,4,1,4
BRDA:53,5,0,2
BRDA:53,5,1,1
BRDA:55,6,0,1
BRDA:55,6,1,1
BRDA:62,7,0,2
BRDA:62,7,1,1
BRDA:65,8,0,1
BRDA:65,8,1,1
BRDA:76,9,0,1
BRDA:76,9,1,3
BRDA:76,10,0,4
BRDA:76,10,1,3
BRDA:84,11,0,2
BRDA:84,11,1,2
BRDA:84,12,0,4
BRDA:84,12,1,2
BRDA:86,13,0,1
BRDA:86,13,1,1
BRDA:86,14,0,2
BRDA:86,14,1,2
BRDA:92,15,0,1
BRDA:92,15,1,0
BRDA:92,16,0,1
BRDA:92,16,1,1
BRDA:94,17,0,1
BRDA:94,17,1,0
BRDA:100,18,0,0
BRDA:100,18,1,2
BRDA:146,19,0,1
BRDA:146,19,1,3
BRDA:150,20,0,1
BRDA:150,20,1,2
BRDA:160,21,0,1
BRDA:160,21,1,1
BRDA:164,22,0,0
BRDA:164,22,1,1
BRDA:203,23,0,1
BRDA:203,23,1,1
BRDA:213,24,0,1
BRDA:213,24,1,1
BRDA:228,25,0,1
BRDA:228,25,1,0
BRDA:234,26,0,1
BRDA:234,26,1,1
BRDA:272,27,0,1
BRDA:272,27,1,1
BRDA:302,28,0,1
BRDA:302,28,1,1
BRDA:311,29,0,1
BRDA:311,29,1,1
BRF:60
BRH:55
end_of_record
TN:
SF:src/services/base.service.ts
FN:2,(anonymous_0)
FN:16,(anonymous_1)
FN:21,(anonymous_2)
FNF:3
FNH:0
FNDA:0,(anonymous_0)
FNDA:0,(anonymous_1)
FNDA:0,(anonymous_2)
DA:1,1
DA:6,0
DA:7,0
DA:9,0
DA:10,0
DA:12,0
DA:20,0
DA:21,0
DA:22,0
DA:24,0
LF:10
LH:1
BRDA:4,0,0,0
BRDA:9,1,0,0
BRDA:9,1,1,0
BRF:3
BRH:0
end_of_record
TN:
SF:src/services/class.service.ts
FN:12,(anonymous_0)
FN:43,(anonymous_1)
FN:47,(anonymous_2)
FN:73,(anonymous_3)
FN:89,(anonymous_4)
FN:93,(anonymous_5)
FN:97,(anonymous_6)
FN:101,(anonymous_7)
FNF:8
FNH:8
FNDA:5,(anonymous_0)
FNDA:1,(anonymous_1)
FNDA:4,(anonymous_2)
FNDA:4,(anonymous_3)
FNDA:1,(anonymous_4)
FNDA:1,(anonymous_5)
FNDA:1,(anonymous_6)
FNDA:2,(anonymous_7)
DA:1,1
DA:2,1
DA:11,1
DA:13,5
DA:15,5
DA:16,5
DA:18,5
DA:19,1
DA:23,4
DA:24,1
DA:28,3
DA:29,1
DA:33,2
DA:34,1
DA:40,5
DA:44,1
DA:61,4
DA:62,1
DA:65,3
DA:66,3
DA:67,1
DA:70,2
DA:74,4
DA:75,4
DA:76,1
DA:79,3
DA:80,3
DA:82,3
DA:83,1
DA:86,2
DA:90,1
DA:94,1
DA:98,1
DA:102,2
DA:103,2
DA:107,1
LF:36
LH:36
BRDA:12,0,0,0
BRDA:12,1,0,0
BRDA:18,2,0,1
BRDA:18,2,1,4
BRDA:23,3,0,1
BRDA:23,3,1,3
BRDA:23,4,0,4
BRDA:23,4,1,1
BRDA:28,5,0,1
BRDA:28,5,1,2
BRDA:33,6,0,1
BRDA:33,6,1,1
BRDA:61,7,0,1
BRDA:61,7,1,3
BRDA:61,8,0,4
BRDA:61,8,1,3
BRDA:66,9,0,1
BRDA:66,9,1,2
BRDA:75,10,0,1
BRDA:75,10,1,3
BRDA:80,11,0,3
BRDA:80,11,1,2
BRDA:82,12,0,1
BRDA:82,12,1,2
BRDA:82,13,0,3
BRDA:82,13,1,2
BRDA:103,14,0,2
BRDA:103,14,1,1
BRF:28
BRH:26
end_of_record
TN:
SF:src/services/course.service.ts
FN:12,(anonymous_0)
FN:25,(anonymous_1)
FN:45,(anonymous_2)
FN:49,(anonymous_3)
FN:73,(anonymous_4)
FN:99,(anonymous_5)
FN:122,(anonymous_6)
FNF:7
FNH:7
FNDA:4,(anonymous_0)
FNDA:1,(anonymous_1)
FNDA:1,(anonymous_2)
FNDA:3,(anonymous_3)
FNDA:4,(anonymous_4)
FNDA:3,(anonymous_5)
FNDA:1,(anonymous_6)
DA:1,1
DA:2,1
DA:11,1
DA:13,4
DA:15,4
DA:16,4
DA:18,4
DA:19,1
DA:23,3
DA:24,1
DA:25,1
DA:26,1
DA:30,2
DA:31,1
DA:35,1
DA:36,1
DA:42,4
DA:46,1
DA:61,3
DA:62,3
DA:63,1
DA:66,2
DA:67,1
DA:70,1
DA:74,4
DA:75,4
DA:76,0
DA:79,4
DA:80,1
DA:83,3
DA:84,1
DA:85,1
DA:89,2
DA:90,1
DA:91,1
DA:92,1
DA:96,1
DA:100,3
DA:101,3
DA:102,0
DA:105,3
DA:106,1
DA:109,2
DA:110,1
DA:111,1
DA:115,1
DA:116,0
DA:117,0
DA:118,0
DA:122,1
DA:126,1
LF:51
LH:46
BRDA:12,0,0,0
BRDA:12,1,0,0
BRDA:18,2,0,1
BRDA:18,2,1,3
BRDA:23,3,0,1
BRDA:23,3,1,2
BRDA:23,4,0,3
BRDA:23,4,1,1
BRDA:30,5,0,1
BRDA:30,5,1,1
BRDA:35,6,0,1
BRDA:35,6,1,0
BRDA:62,7,0,1
BRDA:62,7,1,2
BRDA:66,8,0,1
BRDA:66,8,1,1
BRDA:66,9,0,2
BRDA:66,9,1,2
BRDA:75,10,0,0
BRDA:75,10,1,4
BRDA:79,11,0,1
BRDA:79,11,1,3
BRDA:83,12,0,1
BRDA:83,12,1,2
BRDA:84,13,0,1
BRDA:84,13,1,0
BRDA:89,14,0,1
BRDA:89,14,1,1
BRDA:89,15,0,2
BRDA:89,15,1,1
BRDA:91,16,0,1
BRDA:91,16,1,0
BRDA:91,17,0,1
BRDA:91,17,1,1
BRDA:101,18,0,0
BRDA:101,18,1,3
BRDA:105,19,0,1
BRDA:105,19,1,2
BRDA:109,20,0,1
BRDA:109,20,1,1
BRDA:110,21,0,1
BRDA:110,21,1,0
BRDA:115,22,0,0
BRDA:115,22,1,1
BRDA:115,23,0,1
BRDA:115,23,1,0
BRDA:117,24,0,0
BRDA:117,24,1,0
BRDA:117,25,0,0
BRDA:117,25,1,0
BRF:50
BRH:36
end_of_record
TN:
SF:src/services/deletion.service.ts
FN:22,(anonymous_1)
FN:76,(anonymous_2)
FN:80,(anonymous_3)
FN:84,(anonymous_4)
FN:88,(anonymous_5)
FN:132,(anonymous_6)
FN:181,(anonymous_7)
FN:185,(anonymous_8)
FNF:8
FNH:0
FNDA:0,(anonymous_1)
FNDA:0,(anonymous_2)
FNDA:0,(anonymous_3)
FNDA:0,(anonymous_4)
FNDA:0,(anonymous_5)
FNDA:0,(anonymous_6)
FNDA:0,(anonymous_7)
FNDA:0,(anonymous_8)
DA:1,0
DA:2,0
DA:3,0
DA:4,0
DA:5,0
DA:21,0
DA:23,0
DA:24,0
DA:25,0
DA:28,0
DA:29,0
DA:32,0
DA:33,0
DA:34,0
DA:37,0
DA:38,0
DA:41,0
DA:42,0
DA:43,0
DA:46,0
DA:47,0
DA:50,0
DA:51,0
DA:54,0
DA:63,0
DA:69,0
DA:77,0
DA:81,0
DA:85,0
DA:89,0
DA:90,0
DA:91,0
DA:94,0
DA:95,0
DA:98,0
DA:99,0
DA:100,0
DA:103,0
DA:104,0
DA:107,0
DA:108,0
DA:111,0
DA:117,0
DA:119,0
DA:126,0
DA:133,0
DA:134,0
DA:135,0
DA:138,0
DA:139,0
DA:142,0
DA:143,0
DA:144,0
DA:147,0
DA:148,0
DA:151,0
DA:152,0
DA:155,0
DA:162,0
DA:168,0
DA:175,0
DA:182,0
DA:186,0
DA:187,0
DA:188,0
DA:191,0
DA:192,0
DA:195,0
DA:196,0
DA:199,0
DA:201,0
DA:207,0
DA:214,0
LF:73
LH:0
BRDA:24,0,0,0
BRDA:24,0,1,0
BRDA:28,1,0,0
BRDA:28,1,1,0
BRDA:33,2,0,0
BRDA:33,2,1,0
BRDA:37,3,0,0
BRDA:37,3,1,0
BRDA:42,4,0,0
BRDA:42,4,1,0
BRDA:46,5,0,0
BRDA:46,5,1,0
BRDA:50,6,0,0
BRDA:50,6,1,0
BRDA:90,7,0,0
BRDA:90,7,1,0
BRDA:94,8,0,0
BRDA:94,8,1,0
BRDA:99,9,0,0
BRDA:99,9,1,0
BRDA:103,10,0,0
BRDA:103,10,1,0
BRDA:107,11,0,0
BRDA:107,11,1,0
BRDA:134,12,0,0
BRDA:134,12,1,0
BRDA:138,13,0,0
BRDA:138,13,1,0
BRDA:143,14,0,0
BRDA:143,14,1,0
BRDA:147,15,0,0
BRDA:147,15,1,0
BRDA:151,16,0,0
BRDA:151,16,1,0
BRDA:187,17,0,0
BRDA:187,17,1,0
BRDA:191,18,0,0
BRDA:191,18,1,0
BRDA:195,19,0,0
BRDA:195,19,1,0
BRF:40
BRH:0
end_of_record
TN:
SF:src/services/export.service.ts
FN:30,generateTranscriptPDF
FN:31,(anonymous_2)
FN:35,(anonymous_3)
FN:36,(anonymous_4)
FN:54,(anonymous_5)
FN:78,generateTranscriptCSV
FN:109,generateGradesCSV
FN:126,(anonymous_8)
FN:132,generateGradesPDF
FN:133,(anonymous_10)
FN:137,(anonymous_11)
FN:138,(anonymous_12)
FN:167,(anonymous_13)
FN:197,generateStudentCourseCSV
FN:210,(anonymous_15)
FNF:15
FNH:0
FNDA:0,generateTranscriptPDF
FNDA:0,(anonymous_2)
FNDA:0,(anonymous_3)
FNDA:0,(anonymous_4)
FNDA:0,(anonymous_5)
FNDA:0,generateTranscriptCSV
FNDA:0,generateGradesCSV
FNDA:0,(anonymous_8)
FNDA:0,generateGradesPDF
FNDA:0,(anonymous_10)
FNDA:0,(anonymous_11)
FNDA:0,(anonymous_12)
FNDA:0,(anonymous_13)
FNDA:0,generateStudentCourseCSV
FNDA:0,(anonymous_15)
DA:1,0
DA:3,0
DA:30,0
DA:31,0
DA:32,0
DA:33,0
DA:35,0
DA:36,0
DA:37,0
DA:39,0
DA:40,0
DA:42,0
DA:43,0
DA:44,0
DA:45,0
DA:46,0
DA:47,0
DA:48,0
DA:50,0
DA:51,0
DA:52,0
DA:54,0
DA:55,0
DA:56,0
DA:57,0
DA:58,0
DA:59,0
DA:60,0
DA:63,0
DA:64,0
DA:65,0
DA:66,0
DA:67,0
DA:68,0
DA:69,0
DA:71,0
DA:72,0
DA:74,0
DA:78,0
DA:79,0
DA:90,0
DA:91,0
DA:109,0
DA:110,0
DA:125,0
DA:126,0
DA:132,0
DA:133,0
DA:134,0
DA:135,0
DA:137,0
DA:138,0
DA:139,0
DA:141,0
DA:142,0
DA:143,0
DA:144,0
DA:146,0
DA:147,0
DA:155,0
DA:156,0
DA:157,0
DA:158,0
DA:159,0
DA:160,0
DA:162,0
DA:164,0
DA:165,0
DA:167,0
DA:168,0
DA:169,0
DA:170,0
DA:173,0
DA:174,0
DA:175,0
DA:176,0
DA:177,0
DA:179,0
DA:182,0
DA:197,0
DA:198,0
DA:209,0
DA:210,0
LF:83
LH:0
BRDA:168,0,0,0
BRDA:168,0,1,0
BRF:2
BRH:0
end_of_record
TN:
SF:src/services/grade.service.ts
FN:12,(anonymous_0)
FN:38,(anonymous_1)
FN:42,(anonymous_2)
FN:64,(anonymous_3)
FN:80,(anonymous_4)
FN:105,(anonymous_5)
FN:130,(anonymous_6)
FN:134,(anonymous_7)
FN:138,(anonymous_8)
FNF:9
FNH:9
FNDA:4,(anonymous_0)
FNDA:1,(anonymous_1)
FNDA:4,(anonymous_2)
FNDA:3,(anonymous_3)
FNDA:6,(anonymous_4)
FNDA:4,(anonymous_5)
FNDA:1,(anonymous_6)
FNDA:1,(anonymous_7)
FNDA:1,(anonymous_8)
DA:1,1
DA:11,1
DA:13,4
DA:15,4
DA:16,4
DA:18,4
DA:19,2
DA:23,2
DA:24,1
DA:28,1
DA:29,1
DA:35,4
DA:39,1
DA:53,4
DA:54,1
DA:57,3
DA:58,1
DA:61,2
DA:65,3
DA:66,1
DA:69,2
DA:70,1
DA:71,1
DA:72,1
DA:77,1
DA:81,6
DA:82,6
DA:83,1
DA:86,5
DA:87,1
DA:90,4
DA:91,1
DA:92,1
DA:96,3
DA:97,2
DA:98,1
DA:102,2
DA:106,4
DA:107,4
DA:108,1
DA:111,3
DA:112,1
DA:115,2
DA:116,1
DA:117,1
DA:121,1
DA:122,0
DA:123,0
DA:127,1
DA:131,1
DA:135,1
DA:139,1
DA:143,1
LF:53
LH:51
BRDA:12,0,0,0
BRDA:12,1,0,0
BRDA:18,2,0,2
BRDA:18,2,1,2
BRDA:18,3,0,4
BRDA:18,3,1,3
BRDA:23,4,0,1
BRDA:23,4,1,1
BRDA:28,5,0,1
BRDA:28,5,1,0
BRDA:53,6,0,1
BRDA:53,6,1,3
BRDA:57,7,0,1
BRDA:57,7,1,2
BRDA:57,8,0,3
BRDA:57,8,1,2
BRDA:65,9,0,1
BRDA:65,9,1,2
BRDA:69,10,0,1
BRDA:69,10,1,1
BRDA:71,11,0,1
BRDA:71,11,1,0
BRDA:82,12,0,1
BRDA:82,12,1,5
BRDA:86,13,0,1
BRDA:86,13,1,4
BRDA:90,14,0,1
BRDA:90,14,1,3
BRDA:91,15,0,1
BRDA:91,15,1,0
BRDA:96,16,0,2
BRDA:96,16,1,1
BRDA:96,17,0,3
BRDA:96,17,1,2
BRDA:97,18,0,1
BRDA:97,18,1,1
BRDA:107,19,0,1
BRDA:107,19,1,3
BRDA:111,20,0,1
BRDA:111,20,1,2
BRDA:115,21,0,1
BRDA:115,21,1,1
BRDA:116,22,0,1
BRDA:116,22,1,0
BRDA:121,23,0,0
BRDA:121,23,1,1
BRDA:121,24,0,1
BRDA:121,24,1,0
BRDA:122,25,0,0
BRDA:122,25,1,0
BRF:50
BRH:40
end_of_record
TN:
SF:src/services/notification.service.ts
FN:5,(anonymous_0)
FN:9,(anonymous_1)
FN:13,(anonymous_2)
FN:38,(anonymous_3)
FN:42,(anonymous_4)
FN:46,(anonymous_5)
FN:50,(anonymous_6)
FNF:7
FNH:7
FNDA:2,(anonymous_0)
FNDA:2,(anonymous_1)
FNDA:2,(anonymous_2)
FNDA:1,(anonymous_3)
FNDA:1,(anonymous_4)
FNDA:2,(anonymous_5)
FNDA:2,(anonymous_6)
DA:1,1
DA:2,1
DA:4,1
DA:6,2
DA:10,2
DA:20,2
DA:26,2
DA:35,2
DA:39,1
DA:43,1
DA:47,2
DA:51,2
DA:55,1
LF:13
LH:13
BRDA:22,0,0,2
BRDA:22,0,1,2
BRDA:27,1,0,2
BRDA:27,1,1,0
BRF:4
BRH:3
end_of_record
TN:
SF:src/services/school.service.ts
FN:14,(anonymous_0)
FN:33,(anonymous_1)
FN:42,(anonymous_2)
FN:46,(anonymous_3)
FN:50,(anonymous_4)
FN:59,(anonymous_5)
FN:64,(anonymous_6)
FN:99,(anonymous_7)
FN:113,(anonymous_8)
FN:136,(anonymous_9)
FN:140,(anonymous_10)
FNF:11
FNH:11
FNDA:3,(anonymous_0)
FNDA:1,(anonymous_1)
FNDA:1,(anonymous_2)
FNDA:1,(anonymous_3)
FNDA:2,(anonymous_4)
FNDA:2,(anonymous_5)
FNDA:2,(anonymous_6)
FNDA:5,(anonymous_7)
FNDA:5,(anonymous_8)
FNDA:1,(anonymous_9)
FNDA:3,(anonymous_10)
DA:1,1
DA:2,1
DA:3,1
DA:13,1
DA:15,3
DA:17,3
DA:18,1
DA:22,1
DA:23,2
DA:24,1
DA:28,1
DA:30,1
DA:34,1
DA:35,1
DA:39,1
DA:43,1
DA:47,1
DA:51,2
DA:52,2
DA:53,1
DA:60,2
DA:61,2
DA:74,2
DA:75,2
DA:76,1
DA:79,1
DA:90,1
DA:96,1
DA:100,5
DA:102,4
DA:103,3
DA:104,3
DA:105,3
DA:108,1
DA:109,1
DA:110,1
DA:114,5
DA:115,5
DA:116,1
DA:119,4
DA:120,4
DA:122,4
DA:123,1
DA:126,3
DA:127,1
DA:128,1
DA:129,1
DA:133,2
DA:137,1
DA:141,3
DA:142,1
DA:144,2
DA:145,1
DA:147,1
DA:151,1
LF:55
LH:55
BRDA:14,0,0,0
BRDA:14,1,0,0
BRDA:14,2,0,0
BRDA:17,3,0,1
BRDA:17,3,1,2
BRDA:23,4,0,1
BRDA:23,4,1,1
BRDA:33,5,0,0
BRDA:33,6,0,0
BRDA:33,7,0,0
BRDA:52,8,0,1
BRDA:52,8,1,1
BRDA:75,9,0,1
BRDA:75,9,1,1
BRDA:87,10,0,1
BRDA:87,10,1,0
BRDA:100,11,0,1
BRDA:100,11,1,4
BRDA:102,12,0,3
BRDA:102,12,1,1
BRDA:104,13,0,0
BRDA:104,13,1,3
BRDA:105,14,0,3
BRDA:105,14,1,2
BRDA:109,15,0,0
BRDA:109,15,1,1
BRDA:115,16,0,1
BRDA:115,16,1,4
BRDA:120,17,0,4
BRDA:120,17,1,2
BRDA:122,18,0,1
BRDA:122,18,1,3
BRDA:122,19,0,4
BRDA:122,19,1,2
BRDA:126,20,0,1
BRDA:126,20,1,2
BRDA:126,21,0,3
BRDA:126,21,1,1
BRDA:128,22,0,1
BRDA:128,22,1,0
BRDA:141,23,0,1
BRDA:141,23,1,2
BRDA:144,24,0,1
BRDA:144,24,1,1
BRF:44
BRH:34
end_of_record
TN:
SF:src/services/transcript.service.ts
FN:7,(anonymous_0)
FN:20,(anonymous_1)
FN:24,(anonymous_2)
FN:41,(anonymous_3)
FN:49,(anonymous_4)
FN:62,(anonymous_5)
FN:75,(anonymous_6)
FN:89,(anonymous_7)
FN:93,(anonymous_8)
FN:97,(anonymous_9)
FN:101,(anonymous_10)
FNF:11
FNH:10
FNDA:3,(anonymous_0)
FNDA:1,(anonymous_1)
FNDA:3,(anonymous_2)
FNDA:3,(anonymous_3)
FNDA:1,(anonymous_4)
FNDA:0,(anonymous_5)
FNDA:1,(anonymous_6)
FNDA:1,(anonymous_7)
FNDA:1,(anonymous_8)
FNDA:1,(anonymous_9)
FNDA:1,(anonymous_10)
DA:1,1
DA:3,1
DA:6,1
DA:8,3
DA:9,1
DA:10,2
DA:11,1
DA:12,1
DA:13,0
DA:14,1
DA:15,1
DA:17,0
DA:21,1
DA:25,3
DA:26,3
DA:28,2
DA:30,1
DA:31,1
DA:34,0
DA:35,0
DA:38,0
DA:42,3
DA:43,2
DA:44,1
DA:46,1
DA:50,1
DA:51,1
DA:53,1
DA:55,1
DA:56,1
DA:59,0
DA:63,0
DA:64,0
DA:66,0
DA:68,0
DA:69,0
DA:72,0
DA:83,1
DA:90,1
DA:94,1
DA:98,1
DA:102,1
DA:106,1
LF:43
LH:31
BRDA:8,0,0,1
BRDA:8,0,1,2
BRDA:10,1,0,1
BRDA:10,1,1,1
BRDA:10,2,0,2
BRDA:10,2,1,1
BRDA:12,3,0,0
BRDA:12,3,1,1
BRDA:12,4,0,1
BRDA:12,4,1,0
BRDA:14,5,0,1
BRDA:14,5,1,0
BRDA:26,6,0,1
BRDA:26,6,1,2
BRDA:28,7,0,1
BRDA:28,7,1,1
BRDA:30,8,0,1
BRDA:30,8,1,0
BRDA:30,9,0,1
BRDA:30,9,1,1
BRDA:34,10,0,0
BRDA:34,10,1,0
BRDA:34,11,0,0
BRDA:34,11,1,0
BRDA:42,12,0,1
BRDA:42,12,1,2
BRDA:43,13,0,1
BRDA:43,13,1,1
BRDA:43,14,0,2
BRDA:43,14,1,1
BRDA:51,15,0,0
BRDA:51,15,1,1
BRDA:53,16,0,0
BRDA:53,16,1,1
BRDA:55,17,0,1
BRDA:55,17,1,0
BRDA:55,18,0,1
BRDA:55,18,1,1
BRDA:64,19,0,0
BRDA:64,19,1,0
BRDA:66,20,0,0
BRDA:66,20,1,0
BRDA:68,21,0,0
BRDA:68,21,1,0
BRDA:68,22,0,0
BRDA:68,22,1,0
BRF:46
BRH:27
end_of_record
TN:
SF:src/services/user.service.ts
FN:6,(anonymous_1)
FN:10,(anonymous_2)
FN:14,(anonymous_3)
FN:18,(anonymous_4)
FN:26,(anonymous_5)
FN:30,(anonymous_6)
FN:34,(anonymous_7)
FN:38,(anonymous_8)
FN:45,(anonymous_9)
FN:49,(anonymous_10)
FN:53,(anonymous_11)
FN:57,(anonymous_12)
FN:61,(anonymous_13)
FN:66,(anonymous_14)
FN:85,(anonymous_15)
FN:103,(anonymous_16)
FN:107,(anonymous_17)
FN:111,(anonymous_18)
FNF:18
FNH:18
FNDA:2,(anonymous_1)
FNDA:1,(anonymous_2)
FNDA:1,(anonymous_3)
FNDA:2,(anonymous_4)
FNDA:1,(anonymous_5)
FNDA:1,(anonymous_6)
FNDA:1,(anonymous_7)
FNDA:2,(anonymous_8)
FNDA:2,(anonymous_9)
FNDA:1,(anonymous_10)
FNDA:1,(anonymous_11)
FNDA:1,(anonymous_12)
FNDA:2,(anonymous_13)
FNDA:5,(anonymous_14)
FNDA:4,(anonymous_15)
FNDA:1,(anonymous_16)
FNDA:1,(anonymous_17)
FNDA:1,(anonymous_18)
DA:1,1
DA:3,1
DA:5,1
DA:7,2
DA:11,1
DA:15,1
DA:19,2
DA:20,2
DA:21,1
DA:23,2
DA:27,1
DA:31,1
DA:35,1
DA:39,2
DA:40,1
DA:42,2
DA:46,2
DA:50,1
DA:54,1
DA:58,1
DA:62,2
DA:63,2
DA:67,5
DA:72,5
DA:74,5
DA:76,4
DA:78,3
DA:79,1
DA:82,2
DA:86,4
DA:91,4
DA:93,4
DA:95,3
DA:96,1
DA:97,1
DA:100,2
DA:104,1
DA:108,1
DA:112,1
DA:116,1
LF:40
LH:40
BRDA:18,0,0,1
BRDA:20,1,0,1
BRDA:20,1,1,1
BRDA:39,2,0,1
BRDA:39,2,1,1
BRDA:57,3,0,0
BRDA:72,4,0,0
BRDA:72,4,1,5
BRDA:72,5,0,5
BRDA:72,5,1,5
BRDA:74,6,0,1
BRDA:74,6,1,4
BRDA:76,7,0,1
BRDA:76,7,1,3
BRDA:78,8,0,1
BRDA:78,8,1,2
BRDA:78,9,0,3
BRDA:78,9,1,2
BRDA:91,10,0,0
BRDA:91,10,1,4
BRDA:91,11,0,4
BRDA:91,11,1,4
BRDA:93,12,0,1
BRDA:93,12,1,3
BRDA:95,13,0,1
BRDA:95,13,1,2
BRDA:95,14,0,3
BRDA:95,14,1,3
BRDA:96,15,0,0
BRDA:96,15,1,1
BRDA:96,16,0,1
BRDA:96,16,1,1
BRF:32
BRH:28
end_of_record
TN:
SF:src/services/webhook.service.ts
FN:17,(anonymous_1)
FN:38,(anonymous_2)
FN:43,(anonymous_3)
FN:47,(anonymous_4)
FN:55,(anonymous_5)
FN:60,(anonymous_6)
FN:73,(anonymous_7)
FN:77,(anonymous_8)
FN:125,(anonymous_9)
FN:132,(anonymous_10)
FNF:10
FNH:0
FNDA:0,(anonymous_1)
FNDA:0,(anonymous_2)
FNDA:0,(anonymous_3)
FNDA:0,(anonymous_4)
FNDA:0,(anonymous_5)
FNDA:0,(anonymous_6)
FNDA:0,(anonymous_7)
FNDA:0,(anonymous_8)
FNDA:0,(anonymous_9)
FNDA:0,(anonymous_10)
DA:1,0
DA:2,0
DA:16,0
DA:23,0
DA:25,0
DA:35,0
DA:39,0
DA:40,0
DA:44,0
DA:52,0
DA:56,0
DA:57,0
DA:61,0
DA:66,0
DA:72,0
DA:73,0
DA:78,0
DA:80,0
DA:81,0
DA:93,0
DA:98,0
DA:99,0
DA:102,0
DA:107,0
DA:109,0
DA:114,0
DA:115,0
DA:118,0
DA:126,0
DA:133,0
DA:134,0
DA:135,0
DA:139,0
DA:141,0
LF:34
LH:0
BRDA:39,0,0,0
BRDA:39,0,1,0
BRDA:95,1,0,0
BRDA:95,1,1,0
BRDA:98,2,0,0
BRDA:98,2,1,0
BRDA:98,3,0,0
BRDA:98,3,1,0
BRDA:107,4,0,0
BRDA:107,4,1,0
BRDA:114,5,0,0
BRDA:114,5,1,0
BRF:12
BRH:0
end_of_record
